XX0XX0XX0XX0XX0..
000000000000000X0
XX0XX0XX0XX0XX0X0
00000000000000000
XX0X0XX0XX0XX0XX0
000X0000000000000
XX000XX0XX0XX0XX0
000X0000000000000
XX0X0XX0XX0XX0XX0
00000000000000000
XX0X0XX0XX0XX0XX0
000X0000000000000
XX000XX0XX0XX0XX0
000X0000000000000
XX0X0XX0XX0XX0XX0
00000000000000000

XX0XX0XX0XX0XX0X0
000000000000000X0
XX0XX0XX0XX0XX000
000000000000000..
X0X0X0X0X0X0X0X0.
X0X0X0X0X0X0X0X0.
0000000000000000.

X0X0XX0XX0XX0XX0XX0XX0XX0XX0XX0XX0
X0X0000000000000000000000000000000
0000XX0XX0XX0XX0XX0XX0XX0XX0XX0XX0
X0X0000000000000000000000000000000
X0X0XX0XX0XX0XX0XX0XX0XX0XX0XX0XX0
0000000000000000000000000000000000

XX0XX0XX0XX0XX0XX0XX0XX0XX0XX0XX0X0
000000000000000000000000000000000X0
X0X0X0X0X0X0X0X0X0X0X0X0X0X0X0X0.00
X0X0X0X0X0X0X0X0X0X0X0X0X0X0X0X0XX0
00000000000000000000000000000000000
XX0X0XX0XX0XX0XX0XX0XX0XX0XX0XX0XX0
000X0000000000000000000000000000000
XX000XX0XX0XX0XX0XX0XX0XX0XX0XX0XX0
000X0000000000000000000000000000000
XX0X0XX0XX0XX0XX0XX0XX0XX0XX0XX0XX0
00000000000000000000000000000000000
XX0X0XX0XX0XX0XX0XX0XX0XX0XX0XX0XX0
000X0000000000000000000000000000000
XX000XX0XX0XX0XX0XX0XX0XX0XX0XX0XX0
000X0000000000000000000000000000000
XX0X0XX0XX0XX0XX0XX0XX0XX0XX0XX0XX0
00000000000000000000000000000000000
XX0X0XX0XX0XX0XX0XX0XX0XX0XX0XX0XX0
000X0000000000000000000000000000000
XX000XX0XX0XX0XX0XX0XX0XX0XX0XX0XX0
000X0000000000000000000000000000000
XX0X0XX0XX0XX0XX0XX0XX0XX0XX0XX0XX0
00000000000000000000000000000000000
XX0X0XX0XX0XX0XX0XX0XX0XX0XX0XX0XX0
000X0000000000000000000000000000000
XX000XX0XX0XX0XX0XX0XX0XX0XX0XX0XX0
000X0000000000000000000000000000000
XX0X0XX0XX0XX0XX0XX0XX0XX0XX0XX0XX0
00000000000000000000000000000000000
XX0X0XX0XX0XX0XX0XX0XX0XX0XX0XX0XX0
000X0000000000000000000000000000000
XX000XX0XX0XX0XX0XX0XX0XX0XX0XX0XX0
000X0000000000000000000000000000000
XX0X0XX0XX0XX0XX0XX0XX0XX0XX0XX0XX0
00000000000000000000000000000000000

XX0XX0XX0XX0XX0XX0XX0XX0XX0XX0XX0X0
000000000000000000000000000000000X0
X0X0X0X0X0X0X0X0X0X0X0X0X0X0X0X0.00
X0X0X0X0X0X0X0X0X0X0X0X0X0X0X0X0XX0
00000000000000000000000000000000000
XX0X0XX0XX0XX0XX0XX0XX0XX0XX0XX0XX0
000X0000000000000000000000000000000
XX000XX0XX0XX0XX0XX0XX0XX0XX0XX0XX0
000X0000000000000000000000000000000
XX0X0XX0XX0XX0XX0XX0XX0XX0XX0XX0XX0
00000000000000000000000000000000000

X0X0X0X0X0X0X0X0X0X0X0X0X0X0X0X0X0
X0X0X0X0X0X0X0X0X0X0X0X0X0X0X0X0X0
0000000000000000000000000000000000
X0X0XX0XX0XX0XX0XX0XX0XX0XX0XX0XX0
X0X0000000000000000000000000000000
0000XX0XX0XX0XX0XX0XX0XX0XX0XX0XX0
X0X0000000000000000000000000000000
X0X0XX0XX0XX0XX0XX0XX0XX0XX0XX0XX0
0000000000000000000000000000000000
X0X0XX0XX0XX0XX0XX0XX0XX0XX0XX0XX0
X0X0000000000000000000000000000000
0000XX0XX0XX0XX0XX0XX0XX0XX0XX0XX0
X0X0000000000000000000000000000000
X0X0XX0XX0XX0XX0XX0XX0XX0XX0XX0XX0
0000000000000000000000000000000000

XX0XX0XX0XX0XX0XX0XX0XX0XX0..
000000000000000000000000000X0
XX0X0XX0XX0XX0XX0XX0XX0XX0.X0
000X0000000000000000000000.00
XX000XX0XX0XX0XX0XX0XX0XX0XX0
000X0000000000000000000000000
XX0X0XX0XX0XX0XX0XX0XX0XX0XX0
00000000000000000000000000000
XX0X0XX0XX0XX0XX0XX0XX0XX0XX0
000X0000000000000000000000000
XX000XX0XX0XX0XX0XX0XX0XX0XX0
000X0000000000000000000000000
XX0X0XX0XX0XX0XX0XX0XX0XX0XX0
00000000000000000000000000000
XX0X0XX0XX0XX0XX0XX0XX0XX0XX0
000X0000000000000000000000000
XX000XX0XX0XX0XX0XX0XX0XX0XX0
000X0000000000000000000000000
XX0X0XX0XX0XX0XX0XX0XX0XX0XX0
00000000000000000000000000000
XX0X0XX0XX0XX0XX0XX0XX0XX0XX0
000X0000000000000000000000000
XX000XX0XX0XX0XX0XX0XX0XX0XX0
000X0000000000000000000000000
XX0X0XX0XX0XX0XX0XX0XX0XX0XX0
00000000000000000000000000000

XX0XX0XX0XX0XX0XX0XX0XX0XX0XX0XX0
000000000000000000000000000000000
XX0XX0XX0XX0XX0XX0XX0XX0XX0XX0XX0
000000000000000000000000000000000
XX0XX0XX0XX0XX0XX0XX0XX0XX0XX0XX0
000000000000000000000000000000000
XX0XX0XX0XX0XX0XX0XX0XX0XX0XX0XX0
000000000000000000000000000000000
XX0XX0XX0XX0XX0XX0XX0XX0XX0XX0XX0
000000000000000000000000000000000
XX0XX0XX0XX0XX0XX0XX0XX0XX0XX0XX0
000000000000000000000000000000000

XX0XX0XX0XX0XX0XX0XX0XX0XX0XX0.
000000000000000000000000000000.
XX0XX0XX0XX0XX0XX0XX0XX0XX0XX0.
000000000000000000000000000000.
XX0X0X0XX0XX0XX0XX0XX0XX0XX0XX0
000X0X0000000000000000000000000
XX00000XX0XX0XX0XX0XX0XX0XX0XX0
000X0X0000000000000000000000000
XX0X0X0XX0XX0XX0XX0XX0XX0XX0XX0
0000000000000000000000000000000
XX0X0X0XX0XX0XX0XX0XX0XX0XX0XX0
000X0X0000000000000000000000000
XX00000XX0XX0XX0XX0XX0XX0XX0XX0
000X0X0000000000000000000000000
XX0X0X0XX0XX0XX0XX0XX0XX0XX0XX0
0000000000000000000000000000000

XX0XX0XX0X0
000000000X0
XX0XX0XX000
000000000..
X0X0X0X0X0.
X0X0X0X0X0.
0000000000.

XX0XX0XX0XX0XX0XX0XX0XX0XX0XX0X0
000000000000000000000000000000X0
X0X0X0X0X0X0X0X0X0X0X0X0X0X0X000
X0X0X0X0X0X0X0X0X0X0X0X0X0X0X0..
000000000000000000000000000000X0
X0XX0XX0XX0XX0XX0XX0XX0XX0XX0.X0
X0000000000000000000000000000.00
00XX0XX0XX0XX0XX0XX0XX0XX0XX0XX0
X0000000000000000000000000000000
X0XX0XX0XX0XX0XX0XX0XX0XX0XX0XX0
00000000000000000000000000000000

XX0XX0XX0XX0XX0XX0.
000000000000000000.
XX0X0X0XX0XX0XX0XX0
000X0X0000000000000
XX00000XX0XX0XX0XX0
000X0X0000000000000
XX0X0X0XX0XX0XX0XX0
0000000000000000000
XX0X0X0XX0XX0XX0XX0
000X0X0000000000000
XX00000XX0XX0XX0XX0
000X0X0000000000000
XX0X0X0XX0XX0XX0XX0
0000000000000000000

XX0XX0XX0XX0XX0XX0XX0XX0XX0XX0XX0XX0.
000000000000000000000000000000000000.
XX0X0X0XX0XX0XX0XX0XX0XX0XX0XX0XX0XX0
000X0X0000000000000000000000000000000
XX00000XX0XX0XX0XX0XX0XX0XX0XX0XX0XX0
000X0X0000000000000000000000000000000
XX0X0X0XX0XX0XX0XX0XX0XX0XX0XX0XX0XX0
0000000000000000000000000000000000000

XX0XX0XX0XX0XX0XX0XX0XX0X0
000000000000000000000000X0
XX0XX0XX0XX0XX0XX0XX0XX000
000000000000000000000000..
X0X0X0X0X0X0X0X0X0X0X0X0X0
X0X0X0X0X0X0X0X0X0X0X0X0X0
00000000000000000000000000
X0XX0XX0XX0XX0XX0XX0XX0XX0
X0000000000000000000000000
00XX0XX0XX0XX0XX0XX0XX0XX0
X0000000000000000000000000
X0XX0XX0XX0XX0XX0XX0XX0XX0
00000000000000000000000000

XX0XX0XX0XX0XX0XX0
000000000000000000
XX0XX0XX0XX0XX0XX0
000000000000000000
X0X0X0X0X0X0X0X0X0
X0X0X0X0X0X0X0X0X0
000000000000000000

XX0XX0XX0XX0XX0XX0XX0XX0XX0..
000000000000000000000000000X0
XX0X0XX0XX0XX0XX0XX0XX0XX0.X0
000X0000000000000000000000.00
XX000XX0XX0XX0XX0XX0XX0XX0XX0
000X0000000000000000000000000
XX0X0XX0XX0XX0XX0XX0XX0XX0XX0
00000000000000000000000000000

X0X0X0X0X0X0X0X0X0X0X0X0X0X0.
X0X0X0X0X0X0X0X0X0X0X0X0X0X0.
0000000000000000000000000000.
XX0X0XX0XX0XX0XX0XX0XX0XX0XX0
000X0000000000000000000000000
XX000XX0XX0XX0XX0XX0XX0XX0XX0
000X0000000000000000000000000
XX0X0XX0XX0XX0XX0XX0XX0XX0XX0
00000000000000000000000000000
XX0X0XX0XX0XX0XX0XX0XX0XX0XX0
000X0000000000000000000000000
XX000XX0XX0XX0XX0XX0XX0XX0XX0
000X0000000000000000000000000
XX0X0XX0XX0XX0XX0XX0XX0XX0XX0
00000000000000000000000000000

XX0XX0XX0XX0XX0XX0XX0..
000000000000000000000X0
XX0XX0XX0XX0XX0XX0XX0X0
00000000000000000000000
XX0X0XX0XX0XX0XX0XX0XX0
000X0000000000000000000
XX000XX0XX0XX0XX0XX0XX0
000X0000000000000000000
XX0X0XX0XX0XX0XX0XX0XX0
00000000000000000000000
XX0X0XX0XX0XX0XX0XX0XX0
000X0000000000000000000
XX000XX0XX0XX0XX0XX0XX0
000X0000000000000000000
XX0X0XX0XX0XX0XX0XX0XX0
00000000000000000000000

Could not place all desks 129 for Matrix 31x25 we placed 128
XX0XX0XX0XX0XX0XX0XX0XX0XX0XX0.
000000000000000000000000000000.
XX0XX0XX0XX0XX0XX0XX0XX0XX0XX0.
000000000000000000000000000000.
X0X0X0X0X0X0X0X0X0X0X0X0X0X0X0.
X0X0X0X0X0X0X0X0X0X0X0X0X0X0X0.
000000000000000000000000000000.
XX0X0X0XX0XX0XX0XX0XX0XX0XX0XX0
000X0X0000000000000000000000000
XX00000XX0XX0XX0XX0XX0XX0XX0XX0
000X0X0000000000000000000000000
XX0X0X0XX0XX0XX0XX0XX0XX0XX0XX0
0000000000000000000000000000000
XX0X0X0XX0XX0XX0XX0XX0XX0XX0XX0
000X0X0000000000000000000000000
XX00000XX0XX0XX0XX0XX0XX0XX0XX0
000X0X0000000000000000000000000
XX0X0X0XX0XX0XX0XX0XX0XX0XX0XX0
0000000000000000000000000000000
XX0X0X0XX0XX0XX0XX0XX0XX0XX0XX0
000X0X0000000000000000000000000
XX00000XX0XX0XX0XX0XX0XX0XX0XX0
000X0X0000000000000000000000000
XX0X0X0XX0XX0XX0XX0XX0XX0XX0XX0
0000000000000000000000000000000

X0XX0XX0XX0XX0XX0XX0XX0XX0XX0XX0
X0000000000000000000000000000000
00XX0XX0XX0XX0XX0XX0XX0XX0XX0XX0
X0000000000000000000000000000000
X0XX0XX0XX0XX0XX0XX0XX0XX0XX0XX0
00000000000000000000000000000000
X0XX0XX0XX0XX0XX0XX0XX0XX0XX0XX0
X0000000000000000000000000000000
00XX0XX0XX0XX0XX0XX0XX0XX0XX0XX0
X0000000000000000000000000000000
X0XX0XX0XX0XX0XX0XX0XX0XX0XX0XX0
00000000000000000000000000000000
X0XX0XX0XX0XX0XX0XX0XX0XX0XX0XX0
X0000000000000000000000000000000
00XX0XX0XX0XX0XX0XX0XX0XX0XX0XX0
X0000000000000000000000000000000
X0XX0XX0XX0XX0XX0XX0XX0XX0XX0XX0
00000000000000000000000000000000

XX0XX0
000000
X0X0X0
X0X0X0
000000

XX0XX0XX0XX0XX0XX0XX0XX0XX0XX0XX0XX0
000000000000000000000000000000000000
XX0XX0XX0XX0XX0XX0XX0XX0XX0XX0XX0XX0
000000000000000000000000000000000000
XX0XX0XX0XX0XX0XX0XX0XX0XX0XX0XX0XX0
000000000000000000000000000000000000
XX0XX0XX0XX0XX0XX0XX0XX0XX0XX0XX0XX0
000000000000000000000000000000000000
XX0XX0XX0XX0XX0XX0XX0XX0XX0XX0XX0XX0
000000000000000000000000000000000000
XX0XX0XX0XX0XX0XX0XX0XX0XX0XX0XX0XX0
000000000000000000000000000000000000
XX0XX0XX0XX0XX0XX0XX0XX0XX0XX0XX0XX0
000000000000000000000000000000000000
XX0XX0XX0XX0XX0XX0XX0XX0XX0XX0XX0XX0
000000000000000000000000000000000000
XX0XX0XX0XX0XX0XX0XX0XX0XX0XX0XX0XX0
000000000000000000000000000000000000

XX0XX0XX0XX0XX0XX0XX0XX0XX0XX0.
000000000000000000000000000000.
XX0X0X0XX0XX0XX0XX0XX0XX0XX0XX0
000X0X0000000000000000000000000
XX00000XX0XX0XX0XX0XX0XX0XX0XX0
000X0X0000000000000000000000000
XX0X0X0XX0XX0XX0XX0XX0XX0XX0XX0
0000000000000000000000000000000
XX0X0X0XX0XX0XX0XX0XX0XX0XX0XX0
000X0X0000000000000000000000000
XX00000XX0XX0XX0XX0XX0XX0XX0XX0
000X0X0000000000000000000000000
XX0X0X0XX0XX0XX0XX0XX0XX0XX0XX0
0000000000000000000000000000000
XX0X0X0XX0XX0XX0XX0XX0XX0XX0XX0
000X0X0000000000000000000000000
XX00000XX0XX0XX0XX0XX0XX0XX0XX0
000X0X0000000000000000000000000
XX0X0X0XX0XX0XX0XX0XX0XX0XX0XX0
0000000000000000000000000000000
XX0X0X0XX0XX0XX0XX0XX0XX0XX0XX0
000X0X0000000000000000000000000
XX00000XX0XX0XX0XX0XX0XX0XX0XX0
000X0X0000000000000000000000000
XX0X0X0XX0XX0XX0XX0XX0XX0XX0XX0
0000000000000000000000000000000

XX0XX0XX0XX0XX0XX0XX0XX0XX0XX0
000000000000000000000000000000
XX0XX0XX0XX0XX0XX0XX0XX0XX0XX0
000000000000000000000000000000
X0X0X0X0X0X0X0X0X0X0X0X0X0X0X0
X0X0X0X0X0X0X0X0X0X0X0X0X0X0X0
000000000000000000000000000000
XX0XX0XX0XX0XX0XX0XX0XX0XX0XX0
000000000000000000000000000000
XX0XX0XX0XX0XX0XX0XX0XX0XX0XX0
000000000000000000000000000000
XX0XX0XX0XX0XX0XX0XX0XX0XX0XX0
000000000000000000000000000000
XX0XX0XX0XX0XX0XX0XX0XX0XX0XX0
000000000000000000000000000000
XX0XX0XX0XX0XX0XX0XX0XX0XX0XX0
000000000000000000000000000000
XX0XX0XX0XX0XX0XX0XX0XX0XX0XX0
000000000000000000000000000000
XX0XX0XX0XX0XX0XX0XX0XX0XX0XX0
000000000000000000000000000000
XX0XX0XX0XX0XX0XX0XX0XX0XX0XX0
000000000000000000000000000000
XX0XX0XX0XX0XX0XX0XX0XX0XX0XX0
000000000000000000000000000000

XX0XX0XX0XX0XX0XX0XX0XX0
000000000000000000000000
X0X0X0X0X0X0X0X0X0X0X0X0
X0X0X0X0X0X0X0X0X0X0X0X0
000000000000000000000000
XX0XX0XX0XX0XX0XX0XX0XX0
000000000000000000000000
XX0XX0XX0XX0XX0XX0XX0XX0
000000000000000000000000
XX0XX0XX0XX0XX0XX0XX0XX0
000000000000000000000000
XX0XX0XX0XX0XX0XX0XX0XX0
000000000000000000000000
XX0XX0XX0XX0XX0XX0XX0XX0
000000000000000000000000
XX0XX0XX0XX0XX0XX0XX0XX0
000000000000000000000000

XX0XX0XX0XX0XX0XX0XX0XX0XX0
000000000000000000000000000
XX0XX0XX0XX0XX0XX0XX0XX0XX0
000000000000000000000000000
XX0XX0XX0XX0XX0XX0XX0XX0XX0
000000000000000000000000000
XX0XX0XX0XX0XX0XX0XX0XX0XX0
000000000000000000000000000
XX0XX0XX0XX0XX0XX0XX0XX0XX0
000000000000000000000000000

XX0XX0XX0XX0X0
000000000000X0
XX0XX0XX0XX000
000000000000..
X0X0X0X0X0X0X0
X0X0X0X0X0X0X0
00000000000000
X0XX0XX0XX0XX0
X0000000000000
00XX0XX0XX0XX0
X0000000000000
X0XX0XX0XX0XX0
00000000000000

XX0XX0XX0XX0XX0XX0XX0XX0XX0XX0XX0XX0..
000000000000000000000000000000000000X0
XX0XX0XX0XX0XX0XX0XX0XX0XX0XX0XX0XX0X0
00000000000000000000000000000000000000
X0XX0XX0XX0XX0XX0XX0XX0XX0XX0XX0XX0XX0
X0000000000000000000000000000000000000
00XX0XX0XX0XX0XX0XX0XX0XX0XX0XX0XX0XX0
X0000000000000000000000000000000000000
X0XX0XX0XX0XX0XX0XX0XX0XX0XX0XX0XX0XX0
00000000000000000000000000000000000000
X0XX0XX0XX0XX0XX0XX0XX0XX0XX0XX0XX0XX0
X0000000000000000000000000000000000000
00XX0XX0XX0XX0XX0XX0XX0XX0XX0XX0XX0XX0
X0000000000000000000000000000000000000
X0XX0XX0XX0XX0XX0XX0XX0XX0XX0XX0XX0XX0
00000000000000000000000000000000000000

XX0XX0XX0XX0XX0XX0XX0XX0XX0XX0
000000000000000000000000000000
XX0XX0XX0XX0XX0XX0XX0XX0XX0XX0
000000000000000000000000000000
XX0XX0XX0XX0XX0XX0XX0XX0XX0XX0
000000000000000000000000000000
XX0XX0XX0XX0XX0XX0XX0XX0XX0XX0
000000000000000000000000000000
XX0XX0XX0XX0XX0XX0XX0XX0XX0XX0
000000000000000000000000000000
XX0XX0XX0XX0XX0XX0XX0XX0XX0XX0
000000000000000000000000000000
XX0XX0XX0XX0XX0XX0XX0XX0XX0XX0
000000000000000000000000000000

XX0XX0XX0XX0XX0XX0X0
000000000000000000X0
XX0XX0XX0XX0XX0XX000
000000000000000000..
X0X0X0X0X0X0X0X0X0X0
X0X0X0X0X0X0X0X0X0X0
00000000000000000000
X0XX0XX0XX0XX0XX0XX0
X0000000000000000000
00XX0XX0XX0XX0XX0XX0
X0000000000000000000
X0XX0XX0XX0XX0XX0XX0
00000000000000000000

X0X0X0X0X0X0X0X0X0X0X0X0X0
X0X0X0X0X0X0X0X0X0X0X0X0X0
00000000000000000000000000
X0XX0XX0XX0XX0XX0XX0XX0XX0
X0000000000000000000000000
00XX0XX0XX0XX0XX0XX0XX0XX0
X0000000000000000000000000
X0XX0XX0XX0XX0XX0XX0XX0XX0
00000000000000000000000000

XX0XX0XX0XX0XX0XX0XX0XX0XX0XX0XX0XX0.
000000000000000000000000000000000000.
XX0XX0XX0XX0XX0XX0XX0XX0XX0XX0XX0XX0.
000000000000000000000000000000000000.
XX0X0X0XX0XX0XX0XX0XX0XX0XX0XX0XX0XX0
000X0X0000000000000000000000000000000
XX00000XX0XX0XX0XX0XX0XX0XX0XX0XX0XX0
000X0X0000000000000000000000000000000
XX0X0X0XX0XX0XX0XX0XX0XX0XX0XX0XX0XX0
0000000000000000000000000000000000000
XX0X0X0XX0XX0XX0XX0XX0XX0XX0XX0XX0XX0
000X0X0000000000000000000000000000000
XX00000XX0XX0XX0XX0XX0XX0XX0XX0XX0XX0
000X0X0000000000000000000000000000000
XX0X0X0XX0XX0XX0XX0XX0XX0XX0XX0XX0XX0
0000000000000000000000000000000000000

XX0XX0XX0XX0XX0XX0XX0XX0XX0XX0
000000000000000000000000000000
XX0XX0XX0XX0XX0XX0XX0XX0XX0XX0
000000000000000000000000000000
X0X0X0X0X0X0X0X0X0X0X0X0X0X0X0
X0X0X0X0X0X0X0X0X0X0X0X0X0X0X0
000000000000000000000000000000
XX0XX0XX0XX0XX0XX0XX0XX0XX0XX0
000000000000000000000000000000
XX0XX0XX0XX0XX0XX0XX0XX0XX0XX0
000000000000000000000000000000
XX0XX0XX0XX0XX0XX0XX0XX0XX0XX0
000000000000000000000000000000
XX0XX0XX0XX0XX0XX0XX0XX0XX0XX0
000000000000000000000000000000
XX0XX0XX0XX0XX0XX0XX0XX0XX0XX0
000000000000000000000000000000
XX0XX0XX0XX0XX0XX0XX0XX0XX0XX0
000000000000000000000000000000

XX0XX0XX0XX0XX0XX0XX0.
000000000000000000000.
XX0XX0XX0XX0XX0XX0XX0.
000000000000000000000.
X0X0X0X0X0X0X0X0X0X0X0
X0X0X0X0X0X0X0X0X0X0X0
0000000000000000000000
X0X0XX0XX0XX0XX0XX0XX0
X0X0000000000000000000
0000XX0XX0XX0XX0XX0XX0
X0X0000000000000000000
X0X0XX0XX0XX0XX0XX0XX0
0000000000000000000000

X0X0X0X0X0X0X0X0X0X0X0X0
X0X0X0X0X0X0X0X0X0X0X0X0
000000000000000000000000
XX0XX0XX0XX0XX0XX0XX0XX0
000000000000000000000000
XX0XX0XX0XX0XX0XX0XX0XX0
000000000000000000000000
XX0XX0XX0XX0XX0XX0XX0XX0
000000000000000000000000

XX0XX0XX0XX0XX0.
000000000000000.
X0X0XX0XX0XX0XX0
X0X0000000000000
0000XX0XX0XX0XX0
X0X0000000000000
X0X0XX0XX0XX0XX0
0000000000000000
X0X0XX0XX0XX0XX0
X0X0000000000000
0000XX0XX0XX0XX0
X0X0000000000000
X0X0XX0XX0XX0XX0
0000000000000000

XX0XX0XX0
000000000
XX0XX0XX0
000000000
X0X0X0X0.
X0X0X0X0.
00000000.

X0X0X0X0X0X0X0X0X0X0X0X0X0X0X0.
X0X0X0X0X0X0X0X0X0X0X0X0X0X0X0.
000000000000000000000000000000.
XX0X0X0XX0XX0XX0XX0XX0XX0XX0XX0
000X0X0000000000000000000000000
XX00000XX0XX0XX0XX0XX0XX0XX0XX0
000X0X0000000000000000000000000
XX0X0X0XX0XX0XX0XX0XX0XX0XX0XX0
0000000000000000000000000000000
XX0X0X0XX0XX0XX0XX0XX0XX0XX0XX0
000X0X0000000000000000000000000
XX00000XX0XX0XX0XX0XX0XX0XX0XX0
000X0X0000000000000000000000000
XX0X0X0XX0XX0XX0XX0XX0XX0XX0XX0
0000000000000000000000000000000

XX0XX0XX0XX0XX0XX0XX0XX0XX0
000000000000000000000000000
XX0XX0XX0XX0XX0XX0XX0XX0XX0
000000000000000000000000000
XX0XX0XX0XX0XX0XX0XX0XX0XX0
000000000000000000000000000

XX0XX0XX0XX0XX0XX0..
000000000000000000X0
XX0XX0XX0XX0XX0XX0X0
00000000000000000000
X0XX0XX0XX0XX0XX0XX0
X0000000000000000000
00XX0XX0XX0XX0XX0XX0
X0000000000000000000
X0XX0XX0XX0XX0XX0XX0
00000000000000000000
X0XX0XX0XX0XX0XX0XX0
X0000000000000000000
00XX0XX0XX0XX0XX0XX0
X0000000000000000000
X0XX0XX0XX0XX0XX0XX0
00000000000000000000

X0X0X0X0X0X0X0X0X0X0X0X0X0
X0X0X0X0X0X0X0X0X0X0X0X0X0
00000000000000000000000000
X0XX0XX0XX0XX0XX0XX0XX0XX0
X0000000000000000000000000
00XX0XX0XX0XX0XX0XX0XX0XX0
X0000000000000000000000000
X0XX0XX0XX0XX0XX0XX0XX0XX0
00000000000000000000000000
X0XX0XX0XX0XX0XX0XX0XX0XX0
X0000000000000000000000000
00XX0XX0XX0XX0XX0XX0XX0XX0
X0000000000000000000000000
X0XX0XX0XX0XX0XX0XX0XX0XX0
00000000000000000000000000

XX0XX0XX0XX0XX0XX0XX0.
000000000000000000000.
XX0XX0XX0XX0XX0XX0XX0.
000000000000000000000.
X0X0X0X0X0X0X0X0X0X0X0
X0X0X0X0X0X0X0X0X0X0X0
0000000000000000000000

XX0XX0XX0XX0XX0XX0XX0XX0XX0XX0XX0XX0..
000000000000000000000000000000000000X0
XX0XX0XX0XX0XX0XX0XX0XX0XX0XX0XX0XX0X0
00000000000000000000000000000000000000
X0XX0XX0XX0XX0XX0XX0XX0XX0XX0XX0XX0XX0
X0000000000000000000000000000000000000
00XX0XX0XX0XX0XX0XX0XX0XX0XX0XX0XX0XX0
X0000000000000000000000000000000000000
X0XX0XX0XX0XX0XX0XX0XX0XX0XX0XX0XX0XX0
00000000000000000000000000000000000000
X0XX0XX0XX0XX0XX0XX0XX0XX0XX0XX0XX0XX0
X0000000000000000000000000000000000000
00XX0XX0XX0XX0XX0XX0XX0XX0XX0XX0XX0XX0
X0000000000000000000000000000000000000
X0XX0XX0XX0XX0XX0XX0XX0XX0XX0XX0XX0XX0
00000000000000000000000000000000000000

XX0XX0XX0XX0XX0XX0XX0XX0XX0XX0XX0XX0
000000000000000000000000000000000000
XX0XX0XX0XX0XX0XX0XX0XX0XX0XX0XX0XX0
000000000000000000000000000000000000
XX0XX0XX0XX0XX0XX0XX0XX0XX0XX0XX0XX0
000000000000000000000000000000000000
XX0XX0XX0XX0XX0XX0XX0XX0XX0XX0XX0XX0
000000000000000000000000000000000000
XX0XX0XX0XX0XX0XX0XX0XX0XX0XX0XX0XX0
000000000000000000000000000000000000
XX0XX0XX0XX0XX0XX0XX0XX0XX0XX0XX0XX0
000000000000000000000000000000000000
XX0XX0XX0XX0XX0XX0XX0XX0XX0XX0XX0XX0
000000000000000000000000000000000000
XX0XX0XX0XX0XX0XX0XX0XX0XX0XX0XX0XX0
000000000000000000000000000000000000

XX0XX0XX0XX0XX0XX0XX0XX0XX0XX0X0
000000000000000000000000000000X0
X0X0X0X0X0X0X0X0X0X0X0X0X0X0X000
X0X0X0X0X0X0X0X0X0X0X0X0X0X0X0..
000000000000000000000000000000X0
X0XX0XX0XX0XX0XX0XX0XX0XX0XX0.X0
X0000000000000000000000000000.00
00XX0XX0XX0XX0XX0XX0XX0XX0XX0XX0
X0000000000000000000000000000000
X0XX0XX0XX0XX0XX0XX0XX0XX0XX0XX0
00000000000000000000000000000000
X0XX0XX0XX0XX0XX0XX0XX0XX0XX0XX0
X0000000000000000000000000000000
00XX0XX0XX0XX0XX0XX0XX0XX0XX0XX0
X0000000000000000000000000000000
X0XX0XX0XX0XX0XX0XX0XX0XX0XX0XX0
00000000000000000000000000000000
X0XX0XX0XX0XX0XX0XX0XX0XX0XX0XX0
X0000000000000000000000000000000
00XX0XX0XX0XX0XX0XX0XX0XX0XX0XX0
X0000000000000000000000000000000
X0XX0XX0XX0XX0XX0XX0XX0XX0XX0XX0
00000000000000000000000000000000
X0XX0XX0XX0XX0XX0XX0XX0XX0XX0XX0
X0000000000000000000000000000000
00XX0XX0XX0XX0XX0XX0XX0XX0XX0XX0
X0000000000000000000000000000000
X0XX0XX0XX0XX0XX0XX0XX0XX0XX0XX0
00000000000000000000000000000000

X0X0XX0XX0
X0X0000000
0000XX0XX0
X0X0000000
X0X0XX0XX0
0000000000

XX0XX0XX0XX0XX0XX0XX0XX0XX0XX0XX0XX0X0
000000000000000000000000000000000000X0
XX0XX0XX0XX0XX0XX0XX0XX0XX0XX0XX0XX000
000000000000000000000000000000000000..
X0X0X0X0X0X0X0X0X0X0X0X0X0X0X0X0X0X0X0
X0X0X0X0X0X0X0X0X0X0X0X0X0X0X0X0X0X0X0
00000000000000000000000000000000000000
X0XX0XX0XX0XX0XX0XX0XX0XX0XX0XX0XX0XX0
X0000000000000000000000000000000000000
00XX0XX0XX0XX0XX0XX0XX0XX0XX0XX0XX0XX0
X0000000000000000000000000000000000000
X0XX0XX0XX0XX0XX0XX0XX0XX0XX0XX0XX0XX0
00000000000000000000000000000000000000
X0XX0XX0XX0XX0XX0XX0XX0XX0XX0XX0XX0XX0
X0000000000000000000000000000000000000
00XX0XX0XX0XX0XX0XX0XX0XX0XX0XX0XX0XX0
X0000000000000000000000000000000000000
X0XX0XX0XX0XX0XX0XX0XX0XX0XX0XX0XX0XX0
00000000000000000000000000000000000000
X0XX0XX0XX0XX0XX0XX0XX0XX0XX0XX0XX0XX0
X0000000000000000000000000000000000000
00XX0XX0XX0XX0XX0XX0XX0XX0XX0XX0XX0XX0
X0000000000000000000000000000000000000
X0XX0XX0XX0XX0XX0XX0XX0XX0XX0XX0XX0XX0
00000000000000000000000000000000000000

XX0XX0XX0XX0XX0XX0XX0XX0XX0XX0XX0..
000000000000000000000000000000000X0
XX0X0XX0XX0XX0XX0XX0XX0XX0XX0XX0.X0
000X0000000000000000000000000000.00
XX000XX0XX0XX0XX0XX0XX0XX0XX0XX0XX0
000X0000000000000000000000000000000
XX0X0XX0XX0XX0XX0XX0XX0XX0XX0XX0XX0
00000000000000000000000000000000000
XX0X0XX0XX0XX0XX0XX0XX0XX0XX0XX0XX0
000X0000000000000000000000000000000
XX000XX0XX0XX0XX0XX0XX0XX0XX0XX0XX0
000X0000000000000000000000000000000
XX0X0XX0XX0XX0XX0XX0XX0XX0XX0XX0XX0
00000000000000000000000000000000000

XX0XX0XX0XX0XX0XX0XX0
000000000000000000000
X0X0X0X0X0X0X0X0X0X0.
X0X0X0X0X0X0X0X0X0X0.
00000000000000000000.
XX0XX0XX0XX0XX0XX0XX0
000000000000000000000
XX0XX0XX0XX0XX0XX0XX0
000000000000000000000
XX0XX0XX0XX0XX0XX0XX0
000000000000000000000
XX0XX0XX0XX0XX0XX0XX0
000000000000000000000
XX0XX0XX0XX0XX0XX0XX0
000000000000000000000
XX0XX0XX0XX0XX0XX0XX0
000000000000000000000

XX0XX0XX0XX0XX0XX0XX0XX0XX0.
000000000000000000000000000.
X0X0X0X0X0X0X0X0X0X0X0X0X0X0
X0X0X0X0X0X0X0X0X0X0X0X0X0X0
0000000000000000000000000000
X0X0XX0XX0XX0XX0XX0XX0XX0XX0
X0X0000000000000000000000000
0000XX0XX0XX0XX0XX0XX0XX0XX0
X0X0000000000000000000000000
X0X0XX0XX0XX0XX0XX0XX0XX0XX0
0000000000000000000000000000
X0X0XX0XX0XX0XX0XX0XX0XX0XX0
X0X0000000000000000000000000
0000XX0XX0XX0XX0XX0XX0XX0XX0
X0X0000000000000000000000000
X0X0XX0XX0XX0XX0XX0XX0XX0XX0
0000000000000000000000000000
X0X0XX0XX0XX0XX0XX0XX0XX0XX0
X0X0000000000000000000000000
0000XX0XX0XX0XX0XX0XX0XX0XX0
X0X0000000000000000000000000
X0X0XX0XX0XX0XX0XX0XX0XX0XX0
0000000000000000000000000000

XX0XX0XX0XX0XX0XX0XX0XX0XX0
000000000000000000000000000
XX0XX0XX0XX0XX0XX0XX0XX0XX0
000000000000000000000000000
XX0XX0XX0XX0XX0XX0XX0XX0XX0
000000000000000000000000000
XX0XX0XX0XX0XX0XX0XX0XX0XX0
000000000000000000000000000
XX0XX0XX0XX0XX0XX0XX0XX0XX0
000000000000000000000000000
XX0XX0XX0XX0XX0XX0XX0XX0XX0
000000000000000000000000000
XX0XX0XX0XX0XX0XX0XX0XX0XX0
000000000000000000000000000
XX0XX0XX0XX0XX0XX0XX0XX0XX0
000000000000000000000000000

XX0XX0XX0XX0XX0XX0XX0XX0XX0..
000000000000000000000000000X0
XX0X0XX0XX0XX0XX0XX0XX0XX0.X0
000X0000000000000000000000.00
XX000XX0XX0XX0XX0XX0XX0XX0XX0
000X0000000000000000000000000
XX0X0XX0XX0XX0XX0XX0XX0XX0XX0
00000000000000000000000000000

XX0XX0XX0XX0XX0XX0XX0XX0XX0XX0X0
000000000000000000000000000000X0
X0X0X0X0X0X0X0X0X0X0X0X0X0X0X000
X0X0X0X0X0X0X0X0X0X0X0X0X0X0X0..
000000000000000000000000000000X0
X0XX0XX0XX0XX0XX0XX0XX0XX0XX0.X0
X0000000000000000000000000000.00
00XX0XX0XX0XX0XX0XX0XX0XX0XX0XX0
X0000000000000000000000000000000
X0XX0XX0XX0XX0XX0XX0XX0XX0XX0XX0
00000000000000000000000000000000
X0XX0XX0XX0XX0XX0XX0XX0XX0XX0XX0
X0000000000000000000000000000000
00XX0XX0XX0XX0XX0XX0XX0XX0XX0XX0
X0000000000000000000000000000000
X0XX0XX0XX0XX0XX0XX0XX0XX0XX0XX0
00000000000000000000000000000000

XX0XX0XX0XX0XX0XX0XX0XX0.
000000000000000000000000.
X0X0X0X0X0X0X0X0X0X0X0X0.
X0X0X0X0X0X0X0X0X0X0X0X0.
000000000000000000000000.
XX0X0X0XX0XX0XX0XX0XX0XX0
000X0X0000000000000000000
XX00000XX0XX0XX0XX0XX0XX0
000X0X0000000000000000000
XX0X0X0XX0XX0XX0XX0XX0XX0
0000000000000000000000000
XX0X0X0XX0XX0XX0XX0XX0XX0
000X0X0000000000000000000
XX00000XX0XX0XX0XX0XX0XX0
000X0X0000000000000000000
XX0X0X0XX0XX0XX0XX0XX0XX0
0000000000000000000000000

XX0XX0XX0XX0XX0XX0XX0XX0XX0XX0XX0.
000000000000000000000000000000000.
XX0XX0XX0XX0XX0XX0XX0XX0XX0XX0XX0.
000000000000000000000000000000000.
X0X0XX0XX0XX0XX0XX0XX0XX0XX0XX0XX0
X0X0000000000000000000000000000000
0000XX0XX0XX0XX0XX0XX0XX0XX0XX0XX0
X0X0000000000000000000000000000000
X0X0XX0XX0XX0XX0XX0XX0XX0XX0XX0XX0
0000000000000000000000000000000000
X0X0XX0XX0XX0XX0XX0XX0XX0XX0XX0XX0
X0X0000000000000000000000000000000
0000XX0XX0XX0XX0XX0XX0XX0XX0XX0XX0
X0X0000000000000000000000000000000
X0X0XX0XX0XX0XX0XX0XX0XX0XX0XX0XX0
0000000000000000000000000000000000
X0X0XX0XX0XX0XX0XX0XX0XX0XX0XX0XX0
X0X0000000000000000000000000000000
0000XX0XX0XX0XX0XX0XX0XX0XX0XX0XX0
X0X0000000000000000000000000000000
X0X0XX0XX0XX0XX0XX0XX0XX0XX0XX0XX0
0000000000000000000000000000000000

XX0XX0XX0XX0XX0
000000000000000
XX0XX0XX0XX0XX0
000000000000000
X0X0X0X0X0X0X0.
X0X0X0X0X0X0X0.
00000000000000.
XX0XX0XX0XX0XX0
000000000000000
XX0XX0XX0XX0XX0
000000000000000
XX0XX0XX0XX0XX0
000000000000000

XX0XX0XX0XX0XX0XX0XX0XX0XX0..
000000000000000000000000000X0
XX0X0XX0XX0XX0XX0XX0XX0XX0.X0
000X0000000000000000000000.00
XX000XX0XX0XX0XX0XX0XX0XX0XX0
000X0000000000000000000000000
XX0X0XX0XX0XX0XX0XX0XX0XX0XX0
00000000000000000000000000000
XX0X0XX0XX0XX0XX0XX0XX0XX0XX0
000X0000000000000000000000000
XX000XX0XX0XX0XX0XX0XX0XX0XX0
000X0000000000000000000000000
XX0X0XX0XX0XX0XX0XX0XX0XX0XX0
00000000000000000000000000000
XX0X0XX0XX0XX0XX0XX0XX0XX0XX0
000X0000000000000000000000000
XX000XX0XX0XX0XX0XX0XX0XX0XX0
000X0000000000000000000000000
XX0X0XX0XX0XX0XX0XX0XX0XX0XX0
00000000000000000000000000000

X0X0X0X0X0X0X0X0X0X0X0X0X0X0.
X0X0X0X0X0X0X0X0X0X0X0X0X0X0.
0000000000000000000000000000.
XX0X0XX0XX0XX0XX0XX0XX0XX0XX0
000X0000000000000000000000000
XX000XX0XX0XX0XX0XX0XX0XX0XX0
000X0000000000000000000000000
XX0X0XX0XX0XX0XX0XX0XX0XX0XX0
00000000000000000000000000000

XX0XX0XX0XX0XX0XX0XX0XX0XX0XX0XX0XX0XX0
000000000000000000000000000000000000000
XX0XX0XX0XX0XX0XX0XX0XX0XX0XX0XX0XX0XX0
000000000000000000000000000000000000000
XX0XX0XX0XX0XX0XX0XX0XX0XX0XX0XX0XX0XX0
000000000000000000000000000000000000000
XX0XX0XX0XX0XX0XX0XX0XX0XX0XX0XX0XX0XX0
000000000000000000000000000000000000000
XX0XX0XX0XX0XX0XX0XX0XX0XX0XX0XX0XX0XX0
000000000000000000000000000000000000000
XX0XX0XX0XX0XX0XX0XX0XX0XX0XX0XX0XX0XX0
000000000000000000000000000000000000000
XX0XX0XX0XX0XX0XX0XX0XX0XX0XX0XX0XX0XX0
000000000000000000000000000000000000000
XX0XX0XX0XX0XX0XX0XX0XX0XX0XX0XX0XX0XX0
000000000000000000000000000000000000000
XX0XX0XX0XX0XX0XX0XX0XX0XX0XX0XX0XX0XX0
000000000000000000000000000000000000000
XX0XX0XX0XX0XX0XX0XX0XX0XX0XX0XX0XX0XX0
000000000000000000000000000000000000000
XX0XX0XX0XX0XX0XX0XX0XX0XX0XX0XX0XX0XX0
000000000000000000000000000000000000000
XX0XX0XX0XX0XX0XX0XX0XX0XX0XX0XX0XX0XX0
000000000000000000000000000000000000000
XX0XX0XX0XX0XX0XX0XX0XX0XX0XX0XX0XX0XX0
000000000000000000000000000000000000000
XX0XX0XX0XX0XX0XX0XX0XX0XX0XX0XX0XX0XX0
000000000000000000000000000000000000000
XX0XX0XX0XX0XX0XX0XX0XX0XX0XX0XX0XX0XX0
000000000000000000000000000000000000000
XX0XX0XX0XX0XX0XX0XX0XX0XX0XX0XX0XX0XX0
000000000000000000000000000000000000000

X0X0X0X0X0X0X0X0X0X0X0X0X0X0X0X0X0X0
X0X0X0X0X0X0X0X0X0X0X0X0X0X0X0X0X0X0
000000000000000000000000000000000000
XX0XX0XX0XX0XX0XX0XX0XX0XX0XX0XX0XX0
000000000000000000000000000000000000
XX0XX0XX0XX0XX0XX0XX0XX0XX0XX0XX0XX0
000000000000000000000000000000000000
XX0XX0XX0XX0XX0XX0XX0XX0XX0XX0XX0XX0
000000000000000000000000000000000000
XX0XX0XX0XX0XX0XX0XX0XX0XX0XX0XX0XX0
000000000000000000000000000000000000
XX0XX0XX0XX0XX0XX0XX0XX0XX0XX0XX0XX0
000000000000000000000000000000000000
XX0XX0XX0XX0XX0XX0XX0XX0XX0XX0XX0XX0
000000000000000000000000000000000000
XX0XX0XX0XX0XX0XX0XX0XX0XX0XX0XX0XX0
000000000000000000000000000000000000
XX0XX0XX0XX0XX0XX0XX0XX0XX0XX0XX0XX0
000000000000000000000000000000000000
XX0XX0XX0XX0XX0XX0XX0XX0XX0XX0XX0XX0
000000000000000000000000000000000000
XX0XX0XX0XX0XX0XX0XX0XX0XX0XX0XX0XX0
000000000000000000000000000000000000
XX0XX0XX0XX0XX0XX0XX0XX0XX0XX0XX0XX0
000000000000000000000000000000000000
XX0XX0XX0XX0XX0XX0XX0XX0XX0XX0XX0XX0
000000000000000000000000000000000000

X0X0X0X0X0X0X0X0X0X0
X0X0X0X0X0X0X0X0X0X0
00000000000000000000
X0XX0XX0XX0XX0XX0XX0
X0000000000000000000
00XX0XX0XX0XX0XX0XX0
X0000000000000000000
X0XX0XX0XX0XX0XX0XX0
00000000000000000000

XX0XX0XX0XX0XX0XX0XX0XX0XX0XX0XX0
000000000000000000000000000000000
XX0XX0XX0XX0XX0XX0XX0XX0XX0XX0XX0
000000000000000000000000000000000
XX0XX0XX0XX0XX0XX0XX0XX0XX0XX0XX0
000000000000000000000000000000000
XX0XX0XX0XX0XX0XX0XX0XX0XX0XX0XX0
000000000000000000000000000000000
XX0XX0XX0XX0XX0XX0XX0XX0XX0XX0XX0
000000000000000000000000000000000
XX0XX0XX0XX0XX0XX0XX0XX0XX0XX0XX0
000000000000000000000000000000000
XX0XX0XX0XX0XX0XX0XX0XX0XX0XX0XX0
000000000000000000000000000000000
XX0XX0XX0XX0XX0XX0XX0XX0XX0XX0XX0
000000000000000000000000000000000
XX0XX0XX0XX0XX0XX0XX0XX0XX0XX0XX0
000000000000000000000000000000000
XX0XX0XX0XX0XX0XX0XX0XX0XX0XX0XX0
000000000000000000000000000000000
XX0XX0XX0XX0XX0XX0XX0XX0XX0XX0XX0
000000000000000000000000000000000
XX0XX0XX0XX0XX0XX0XX0XX0XX0XX0XX0
000000000000000000000000000000000
XX0XX0XX0XX0XX0XX0XX0XX0XX0XX0XX0
000000000000000000000000000000000
XX0XX0XX0XX0XX0XX0XX0XX0XX0XX0XX0
000000000000000000000000000000000
XX0XX0XX0XX0XX0XX0XX0XX0XX0XX0XX0
000000000000000000000000000000000
XX0XX0XX0XX0XX0XX0XX0XX0XX0XX0XX0
000000000000000000000000000000000

XX0XX0XX0XX0XX0XX0XX0XX0XX0XX0XX0XX0XX0
000000000000000000000000000000000000000
XX0XX0XX0XX0XX0XX0XX0XX0XX0XX0XX0XX0XX0
000000000000000000000000000000000000000
X0X0X0X0X0X0X0X0X0X0X0X0X0X0X0X0X0X0X0.
X0X0X0X0X0X0X0X0X0X0X0X0X0X0X0X0X0X0X0.
00000000000000000000000000000000000000.
XX0XX0XX0XX0XX0XX0XX0XX0XX0XX0XX0XX0XX0
000000000000000000000000000000000000000
XX0XX0XX0XX0XX0XX0XX0XX0XX0XX0XX0XX0XX0
000000000000000000000000000000000000000
XX0XX0XX0XX0XX0XX0XX0XX0XX0XX0XX0XX0XX0
000000000000000000000000000000000000000
XX0XX0XX0XX0XX0XX0XX0XX0XX0XX0XX0XX0XX0
000000000000000000000000000000000000000
XX0XX0XX0XX0XX0XX0XX0XX0XX0XX0XX0XX0XX0
000000000000000000000000000000000000000
XX0XX0XX0XX0XX0XX0XX0XX0XX0XX0XX0XX0XX0
000000000000000000000000000000000000000
XX0XX0XX0XX0XX0XX0XX0XX0XX0XX0XX0XX0XX0
000000000000000000000000000000000000000
XX0XX0XX0XX0XX0XX0XX0XX0XX0XX0XX0XX0XX0
000000000000000000000000000000000000000
XX0XX0XX0XX0XX0XX0XX0XX0XX0XX0XX0XX0XX0
000000000000000000000000000000000000000
XX0XX0XX0XX0XX0XX0XX0XX0XX0XX0XX0XX0XX0
000000000000000000000000000000000000000
XX0XX0XX0XX0XX0XX0XX0XX0XX0XX0XX0XX0XX0
000000000000000000000000000000000000000
XX0XX0XX0XX0XX0XX0XX0XX0XX0XX0XX0XX0XX0
000000000000000000000000000000000000000

XX0XX0XX0XX0XX0XX0XX0XX0XX0XX0XX0..
000000000000000000000000000000000X0
XX0X0XX0XX0XX0XX0XX0XX0XX0XX0XX0.X0
000X0000000000000000000000000000.00
XX000XX0XX0XX0XX0XX0XX0XX0XX0XX0XX0
000X0000000000000000000000000000000
XX0X0XX0XX0XX0XX0XX0XX0XX0XX0XX0XX0
00000000000000000000000000000000000

XX0XX0XX0XX0XX0XX0XX0XX0XX0XX0XX0XX0
000000000000000000000000000000000000
XX0XX0XX0XX0XX0XX0XX0XX0XX0XX0XX0XX0
000000000000000000000000000000000000
XX0XX0XX0XX0XX0XX0XX0XX0XX0XX0XX0XX0
000000000000000000000000000000000000

XX0XX0XX0XX0XX0XX0XX0XX0XX0XX0.
000000000000000000000000000000.
XX0XX0XX0XX0XX0XX0XX0XX0XX0XX0.
000000000000000000000000000000.
XX0X0X0XX0XX0XX0XX0XX0XX0XX0XX0
000X0X0000000000000000000000000
XX00000XX0XX0XX0XX0XX0XX0XX0XX0
000X0X0000000000000000000000000
XX0X0X0XX0XX0XX0XX0XX0XX0XX0XX0
0000000000000000000000000000000

X0X0X0X0X0X0X0X0X0X0X0X0X0X0X0X0.
X0X0X0X0X0X0X0X0X0X0X0X0X0X0X0X0.
00000000000000000000000000000000.
XX0XX0XX0XX0XX0XX0XX0XX0XX0XX0XX0
000000000000000000000000000000000
XX0XX0XX0XX0XX0XX0XX0XX0XX0XX0XX0
000000000000000000000000000000000
XX0XX0XX0XX0XX0XX0XX0XX0XX0XX0XX0
000000000000000000000000000000000
XX0XX0XX0XX0XX0XX0XX0XX0XX0XX0XX0
000000000000000000000000000000000
XX0XX0XX0XX0XX0XX0XX0XX0XX0XX0XX0
000000000000000000000000000000000
XX0XX0XX0XX0XX0XX0XX0XX0XX0XX0XX0
000000000000000000000000000000000
XX0XX0XX0XX0XX0XX0XX0XX0XX0XX0XX0
000000000000000000000000000000000
XX0XX0XX0XX0XX0XX0XX0XX0XX0XX0XX0
000000000000000000000000000000000
XX0XX0XX0XX0XX0XX0XX0XX0XX0XX0XX0
000000000000000000000000000000000
XX0XX0XX0XX0XX0XX0XX0XX0XX0XX0XX0
000000000000000000000000000000000
XX0XX0XX0XX0XX0XX0XX0XX0XX0XX0XX0
000000000000000000000000000000000
XX0XX0XX0XX0XX0XX0XX0XX0XX0XX0XX0
000000000000000000000000000000000

X0X0X0X0X0X0X0X0X0X0X0X0X0X0.
X0X0X0X0X0X0X0X0X0X0X0X0X0X0.
0000000000000000000000000000.
XX0X0XX0XX0XX0XX0XX0XX0XX0XX0
000X0000000000000000000000000
XX000XX0XX0XX0XX0XX0XX0XX0XX0
000X0000000000000000000000000
XX0X0XX0XX0XX0XX0XX0XX0XX0XX0
00000000000000000000000000000

XX0XX0XX0XX0XX0XX0XX0XX0XX0
000000000000000000000000000
XX0XX0XX0XX0XX0XX0XX0XX0XX0
000000000000000000000000000
XX0XX0XX0XX0XX0XX0XX0XX0XX0
000000000000000000000000000
XX0XX0XX0XX0XX0XX0XX0XX0XX0
000000000000000000000000000
XX0XX0XX0XX0XX0XX0XX0XX0XX0
000000000000000000000000000
XX0XX0XX0XX0XX0XX0XX0XX0XX0
000000000000000000000000000
XX0XX0XX0XX0XX0XX0XX0XX0XX0
000000000000000000000000000
XX0XX0XX0XX0XX0XX0XX0XX0XX0
000000000000000000000000000
XX0XX0XX0XX0XX0XX0XX0XX0XX0
000000000000000000000000000
XX0XX0XX0XX0XX0XX0XX0XX0XX0
000000000000000000000000000
XX0XX0XX0XX0XX0XX0XX0XX0XX0
000000000000000000000000000
XX0XX0XX0XX0XX0XX0XX0XX0XX0
000000000000000000000000000

XX0XX0XX0XX0X0
000000000000X0
XX0XX0XX0XX000
000000000000..
X0X0X0X0X0X0X0
X0X0X0X0X0X0X0
00000000000000
X0XX0XX0XX0XX0
X0000000000000
00XX0XX0XX0XX0
X0000000000000
X0XX0XX0XX0XX0
00000000000000

XX0XX0XX0XX0XX0XX0XX0XX0XX0
000000000000000000000000000
XX0XX0XX0XX0XX0XX0XX0XX0XX0
000000000000000000000000000
X0X0X0X0X0X0X0X0X0X0X0X0X0.
X0X0X0X0X0X0X0X0X0X0X0X0X0.
00000000000000000000000000.
XX0XX0XX0XX0XX0XX0XX0XX0XX0
000000000000000000000000000
XX0XX0XX0XX0XX0XX0XX0XX0XX0
000000000000000000000000000
XX0XX0XX0XX0XX0XX0XX0XX0XX0
000000000000000000000000000
XX0XX0XX0XX0XX0XX0XX0XX0XX0
000000000000000000000000000
XX0XX0XX0XX0XX0XX0XX0XX0XX0
000000000000000000000000000
XX0XX0XX0XX0XX0XX0XX0XX0XX0
000000000000000000000000000

XX0XX0XX0XX0XX0XX0XX0XX0
000000000000000000000000
XX0XX0XX0XX0XX0XX0XX0XX0
000000000000000000000000
XX0XX0XX0XX0XX0XX0XX0XX0
000000000000000000000000
XX0XX0XX0XX0XX0XX0XX0XX0
000000000000000000000000
XX0XX0XX0XX0XX0XX0XX0XX0
000000000000000000000000

X0XX0XX0XX0XX0XX0XX0XX0XX0XX0XX0
X0000000000000000000000000000000
00XX0XX0XX0XX0XX0XX0XX0XX0XX0XX0
X0000000000000000000000000000000
X0XX0XX0XX0XX0XX0XX0XX0XX0XX0XX0
00000000000000000000000000000000
X0XX0XX0XX0XX0XX0XX0XX0XX0XX0XX0
X0000000000000000000000000000000
00XX0XX0XX0XX0XX0XX0XX0XX0XX0XX0
X0000000000000000000000000000000
X0XX0XX0XX0XX0XX0XX0XX0XX0XX0XX0
00000000000000000000000000000000
X0XX0XX0XX0XX0XX0XX0XX0XX0XX0XX0
X0000000000000000000000000000000
00XX0XX0XX0XX0XX0XX0XX0XX0XX0XX0
X0000000000000000000000000000000
X0XX0XX0XX0XX0XX0XX0XX0XX0XX0XX0
00000000000000000000000000000000
X0XX0XX0XX0XX0XX0XX0XX0XX0XX0XX0
X0000000000000000000000000000000
00XX0XX0XX0XX0XX0XX0XX0XX0XX0XX0
X0000000000000000000000000000000
X0XX0XX0XX0XX0XX0XX0XX0XX0XX0XX0
00000000000000000000000000000000

XX0XX0XX0XX0XX0XX0XX0XX0XX0.
000000000000000000000000000.
X0X0X0X0X0X0X0X0X0X0X0X0X0X0
X0X0X0X0X0X0X0X0X0X0X0X0X0X0
0000000000000000000000000000
X0X0XX0XX0XX0XX0XX0XX0XX0XX0
X0X0000000000000000000000000
0000XX0XX0XX0XX0XX0XX0XX0XX0
X0X0000000000000000000000000
X0X0XX0XX0XX0XX0XX0XX0XX0XX0
0000000000000000000000000000

X0X0X0X0X0X0X0X0X0X0X0
X0X0X0X0X0X0X0X0X0X0X0
0000000000000000000000
X0X0XX0XX0XX0XX0XX0XX0
X0X0000000000000000000
0000XX0XX0XX0XX0XX0XX0
X0X0000000000000000000
X0X0XX0XX0XX0XX0XX0XX0
0000000000000000000000
X0X0XX0XX0XX0XX0XX0XX0
X0X0000000000000000000
0000XX0XX0XX0XX0XX0XX0
X0X0000000000000000000
X0X0XX0XX0XX0XX0XX0XX0
0000000000000000000000

X0X0X0X0X0X0X0X0X0X0X0.
X0X0X0X0X0X0X0X0X0X0X0.
0000000000000000000000.
XX0X0XX0XX0XX0XX0XX0XX0
000X0000000000000000000
XX000XX0XX0XX0XX0XX0XX0
000X0000000000000000000
XX0X0XX0XX0XX0XX0XX0XX0
00000000000000000000000

XX0XX0XX0.
000000000.
XX0XX0XX0.
000000000.
X0X0X0X0X0
X0X0X0X0X0
0000000000

XX0XX0XX0XX0XX0XX0XX0XX0XX0XX0XX0XX0.
000000000000000000000000000000000000.
XX0XX0XX0XX0XX0XX0XX0XX0XX0XX0XX0XX0.
000000000000000000000000000000000000.
XX0X0X0XX0XX0XX0XX0XX0XX0XX0XX0XX0XX0
000X0X0000000000000000000000000000000
XX00000XX0XX0XX0XX0XX0XX0XX0XX0XX0XX0
000X0X0000000000000000000000000000000
XX0X0X0XX0XX0XX0XX0XX0XX0XX0XX0XX0XX0
0000000000000000000000000000000000000
XX0X0X0XX0XX0XX0XX0XX0XX0XX0XX0XX0XX0
000X0X0000000000000000000000000000000
XX00000XX0XX0XX0XX0XX0XX0XX0XX0XX0XX0
000X0X0000000000000000000000000000000
XX0X0X0XX0XX0XX0XX0XX0XX0XX0XX0XX0XX0
0000000000000000000000000000000000000
XX0X0X0XX0XX0XX0XX0XX0XX0XX0XX0XX0XX0
000X0X0000000000000000000000000000000
XX00000XX0XX0XX0XX0XX0XX0XX0XX0XX0XX0
000X0X0000000000000000000000000000000
XX0X0X0XX0XX0XX0XX0XX0XX0XX0XX0XX0XX0
0000000000000000000000000000000000000

XX0XX0..
000000X0
X0XX0.X0
X0000.00
00XX0XX0
X0000000
X0XX0XX0
00000000

XX0XX0XX0XX0XX0XX0
000000000000000000
XX0XX0XX0XX0XX0XX0
000000000000000000
XX0XX0XX0XX0XX0XX0
000000000000000000
XX0XX0XX0XX0XX0XX0
000000000000000000
XX0XX0XX0XX0XX0XX0
000000000000000000

XX0XX0XX0XX0XX0XX0XX0XX0XX0XX0
000000000000000000000000000000
XX0XX0XX0XX0XX0XX0XX0XX0XX0XX0
000000000000000000000000000000
X0X0X0X0X0X0X0X0X0X0X0X0X0X0X0
X0X0X0X0X0X0X0X0X0X0X0X0X0X0X0
000000000000000000000000000000
XX0XX0XX0XX0XX0XX0XX0XX0XX0XX0
000000000000000000000000000000
XX0XX0XX0XX0XX0XX0XX0XX0XX0XX0
000000000000000000000000000000
XX0XX0XX0XX0XX0XX0XX0XX0XX0XX0
000000000000000000000000000000
XX0XX0XX0XX0XX0XX0XX0XX0XX0XX0
000000000000000000000000000000
XX0XX0XX0XX0XX0XX0XX0XX0XX0XX0
000000000000000000000000000000
XX0XX0XX0XX0XX0XX0XX0XX0XX0XX0
000000000000000000000000000000
XX0XX0XX0XX0XX0XX0XX0XX0XX0XX0
000000000000000000000000000000
XX0XX0XX0XX0XX0XX0XX0XX0XX0XX0
000000000000000000000000000000
XX0XX0XX0XX0XX0XX0XX0XX0XX0XX0
000000000000000000000000000000

XX0XX0XX0XX0XX0XX0XX0XX0XX0
000000000000000000000000000
XX0XX0XX0XX0XX0XX0XX0XX0XX0
000000000000000000000000000
X0X0X0X0X0X0X0X0X0X0X0X0X0.
X0X0X0X0X0X0X0X0X0X0X0X0X0.
00000000000000000000000000.
XX0XX0XX0XX0XX0XX0XX0XX0XX0
000000000000000000000000000
XX0XX0XX0XX0XX0XX0XX0XX0XX0
000000000000000000000000000
XX0XX0XX0XX0XX0XX0XX0XX0XX0
000000000000000000000000000

XX0XX0XX0XX0XX0XX0XX0XX0XX0XX0XX0
000000000000000000000000000000000
XX0XX0XX0XX0XX0XX0XX0XX0XX0XX0XX0
000000000000000000000000000000000
XX0XX0XX0XX0XX0XX0XX0XX0XX0XX0XX0
000000000000000000000000000000000
XX0XX0XX0XX0XX0XX0XX0XX0XX0XX0XX0
000000000000000000000000000000000
XX0XX0XX0XX0XX0XX0XX0XX0XX0XX0XX0
000000000000000000000000000000000
XX0XX0XX0XX0XX0XX0XX0XX0XX0XX0XX0
000000000000000000000000000000000
XX0XX0XX0XX0XX0XX0XX0XX0XX0XX0XX0
000000000000000000000000000000000

XX0XX0X0
000000X0
X0X0X000
X0X0X0..
000000..

XX0XX0XX0XX0XX0XX0XX0XX0XX0XX0.
000000000000000000000000000000.
XX0XX0XX0XX0XX0XX0XX0XX0XX0XX0.
000000000000000000000000000000.
XX0X0X0XX0XX0XX0XX0XX0XX0XX0XX0
000X0X0000000000000000000000000
XX00000XX0XX0XX0XX0XX0XX0XX0XX0
000X0X0000000000000000000000000
XX0X0X0XX0XX0XX0XX0XX0XX0XX0XX0
0000000000000000000000000000000
XX0X0X0XX0XX0XX0XX0XX0XX0XX0XX0
000X0X0000000000000000000000000
XX00000XX0XX0XX0XX0XX0XX0XX0XX0
000X0X0000000000000000000000000
XX0X0X0XX0XX0XX0XX0XX0XX0XX0XX0
0000000000000000000000000000000
XX0X0X0XX0XX0XX0XX0XX0XX0XX0XX0
000X0X0000000000000000000000000
XX00000XX0XX0XX0XX0XX0XX0XX0XX0
000X0X0000000000000000000000000
XX0X0X0XX0XX0XX0XX0XX0XX0XX0XX0
0000000000000000000000000000000
XX0X0X0XX0XX0XX0XX0XX0XX0XX0XX0
000X0X0000000000000000000000000
XX00000XX0XX0XX0XX0XX0XX0XX0XX0
000X0X0000000000000000000000000
XX0X0X0XX0XX0XX0XX0XX0XX0XX0XX0
0000000000000000000000000000000

XX0XX0XX0XX0XX0XX0XX0XX0XX0XX0XX0.
000000000000000000000000000000000.
XX0XX0XX0XX0XX0XX0XX0XX0XX0XX0XX0.
000000000000000000000000000000000.
X0X0X0X0X0X0X0X0X0X0X0X0X0X0X0X0X0
X0X0X0X0X0X0X0X0X0X0X0X0X0X0X0X0X0
0000000000000000000000000000000000
X0X0XX0XX0XX0XX0XX0XX0XX0XX0XX0XX0
X0X0000000000000000000000000000000
0000XX0XX0XX0XX0XX0XX0XX0XX0XX0XX0
X0X0000000000000000000000000000000
X0X0XX0XX0XX0XX0XX0XX0XX0XX0XX0XX0
0000000000000000000000000000000000
X0X0XX0XX0XX0XX0XX0XX0XX0XX0XX0XX0
X0X0000000000000000000000000000000
0000XX0XX0XX0XX0XX0XX0XX0XX0XX0XX0
X0X0000000000000000000000000000000
X0X0XX0XX0XX0XX0XX0XX0XX0XX0XX0XX0
0000000000000000000000000000000000
X0X0XX0XX0XX0XX0XX0XX0XX0XX0XX0XX0
X0X0000000000000000000000000000000
0000XX0XX0XX0XX0XX0XX0XX0XX0XX0XX0
X0X0000000000000000000000000000000
X0X0XX0XX0XX0XX0XX0XX0XX0XX0XX0XX0
0000000000000000000000000000000000

XX0XX0XX0XX0XX0XX0XX0XX0XX0XX0XX0
000000000000000000000000000000000
X0X0X0X0X0X0X0X0X0X0X0X0X0X0X0X0.
X0X0X0X0X0X0X0X0X0X0X0X0X0X0X0X0.
00000000000000000000000000000000.
XX0XX0XX0XX0XX0XX0XX0XX0XX0XX0XX0
000000000000000000000000000000000
XX0XX0XX0XX0XX0XX0XX0XX0XX0XX0XX0
000000000000000000000000000000000
XX0XX0XX0XX0XX0XX0XX0XX0XX0XX0XX0
000000000000000000000000000000000
XX0XX0XX0XX0XX0XX0XX0XX0XX0XX0XX0
000000000000000000000000000000000
XX0XX0XX0XX0XX0XX0XX0XX0XX0XX0XX0
000000000000000000000000000000000
XX0XX0XX0XX0XX0XX0XX0XX0XX0XX0XX0
000000000000000000000000000000000
XX0XX0XX0XX0XX0XX0XX0XX0XX0XX0XX0
000000000000000000000000000000000
XX0XX0XX0XX0XX0XX0XX0XX0XX0XX0XX0
000000000000000000000000000000000
XX0XX0XX0XX0XX0XX0XX0XX0XX0XX0XX0
000000000000000000000000000000000

XX0XX0XX0XX0XX0XX0XX0XX0XX0..
000000000000000000000000000X0
XX0XX0XX0XX0XX0XX0XX0XX0XX0X0
00000000000000000000000000000
XX0X0XX0XX0XX0XX0XX0XX0XX0XX0
000X0000000000000000000000000
XX000XX0XX0XX0XX0XX0XX0XX0XX0
000X0000000000000000000000000
XX0X0XX0XX0XX0XX0XX0XX0XX0XX0
00000000000000000000000000000
XX0X0XX0XX0XX0XX0XX0XX0XX0XX0
000X0000000000000000000000000
XX000XX0XX0XX0XX0XX0XX0XX0XX0
000X0000000000000000000000000
XX0X0XX0XX0XX0XX0XX0XX0XX0XX0
00000000000000000000000000000

XX0XX0XX0XX0XX0XX0XX0X0
000000000000000000000X0
XX0XX0XX0XX0XX0XX0XX000
000000000000000000000..
X0X0X0X0X0X0X0X0X0X0X0.
X0X0X0X0X0X0X0X0X0X0X0.
0000000000000000000000.
XX0X0XX0XX0XX0XX0XX0XX0
000X0000000000000000000
XX000XX0XX0XX0XX0XX0XX0
000X0000000000000000000
XX0X0XX0XX0XX0XX0XX0XX0
00000000000000000000000
XX0X0XX0XX0XX0XX0XX0XX0
000X0000000000000000000
XX000XX0XX0XX0XX0XX0XX0
000X0000000000000000000
XX0X0XX0XX0XX0XX0XX0XX0
00000000000000000000000

XX0XX0XX0XX0XX0XX0XX0
000000000000000000000
XX0XX0XX0XX0XX0XX0XX0
000000000000000000000
XX0XX0XX0XX0XX0XX0XX0
000000000000000000000
XX0XX0XX0XX0XX0XX0XX0
000000000000000000000
XX0XX0XX0XX0XX0XX0XX0
000000000000000000000
XX0XX0XX0XX0XX0XX0XX0
000000000000000000000
XX0XX0XX0XX0XX0XX0XX0
000000000000000000000
XX0XX0XX0XX0XX0XX0XX0
000000000000000000000
XX0XX0XX0XX0XX0XX0XX0
000000000000000000000
XX0XX0XX0XX0XX0XX0XX0
000000000000000000000

XX0X0XX0XX0XX0XX0XX0XX0XX0XX0
000X0000000000000000000000000
XX000XX0XX0XX0XX0XX0XX0XX0XX0
000X0000000000000000000000000
XX0X0XX0XX0XX0XX0XX0XX0XX0XX0
00000000000000000000000000000

XX0XX0XX0XX0XX0XX0.
000000000000000000.
X0X0X0X0X0X0X0X0X0.
X0X0X0X0X0X0X0X0X0.
000000000000000000.
XX0X0X0XX0XX0XX0XX0
000X0X0000000000000
XX00000XX0XX0XX0XX0
000X0X0000000000000
XX0X0X0XX0XX0XX0XX0
0000000000000000000
XX0X0X0XX0XX0XX0XX0
000X0X0000000000000
XX00000XX0XX0XX0XX0
000X0X0000000000000
XX0X0X0XX0XX0XX0XX0
0000000000000000000

XX0XX0XX0XX0XX0XX0XX0XX0XX0XX0XX0XX0.
000000000000000000000000000000000000.
X0X0X0X0X0X0X0X0X0X0X0X0X0X0X0X0X0X0.
X0X0X0X0X0X0X0X0X0X0X0X0X0X0X0X0X0X0.
000000000000000000000000000000000000.
XX0X0X0XX0XX0XX0XX0XX0XX0XX0XX0XX0XX0
000X0X0000000000000000000000000000000
XX00000XX0XX0XX0XX0XX0XX0XX0XX0XX0XX0
000X0X0000000000000000000000000000000
XX0X0X0XX0XX0XX0XX0XX0XX0XX0XX0XX0XX0
0000000000000000000000000000000000000

XX0XX0XX0XX0XX0XX0XX0XX0XX0XX0..
000000000000000000000000000000X0
XX0XX0XX0XX0XX0XX0XX0XX0XX0XX0X0
00000000000000000000000000000000
X0XX0XX0XX0XX0XX0XX0XX0XX0XX0XX0
X0000000000000000000000000000000
00XX0XX0XX0XX0XX0XX0XX0XX0XX0XX0
X0000000000000000000000000000000
X0XX0XX0XX0XX0XX0XX0XX0XX0XX0XX0
00000000000000000000000000000000
X0XX0XX0XX0XX0XX0XX0XX0XX0XX0XX0
X0000000000000000000000000000000
00XX0XX0XX0XX0XX0XX0XX0XX0XX0XX0
X0000000000000000000000000000000
X0XX0XX0XX0XX0XX0XX0XX0XX0XX0XX0
00000000000000000000000000000000
X0XX0XX0XX0XX0XX0XX0XX0XX0XX0XX0
X0000000000000000000000000000000
00XX0XX0XX0XX0XX0XX0XX0XX0XX0XX0
X0000000000000000000000000000000
X0XX0XX0XX0XX0XX0XX0XX0XX0XX0XX0
00000000000000000000000000000000

XX0XX0XX0XX0XX0XX0
000000000000000000
XX0XX0XX0XX0XX0XX0
000000000000000000
XX0XX0XX0XX0XX0XX0
000000000000000000
XX0XX0XX0XX0XX0XX0
000000000000000000
XX0XX0XX0XX0XX0XX0
000000000000000000

X0X0X0X0X0X0X0X0.
X0X0X0X0X0X0X0X0.
0000000000000000.
XX0X0XX0XX0XX0XX0
000X0000000000000
XX000XX0XX0XX0XX0
000X0000000000000
XX0X0XX0XX0XX0XX0
00000000000000000

XX0XX0XX0XX0XX0XX0XX0XX0XX0XX0XX0XX0XX0
000000000000000000000000000000000000000
XX0XX0XX0XX0XX0XX0XX0XX0XX0XX0XX0XX0XX0
000000000000000000000000000000000000000
XX0XX0XX0XX0XX0XX0XX0XX0XX0XX0XX0XX0XX0
000000000000000000000000000000000000000
XX0XX0XX0XX0XX0XX0XX0XX0XX0XX0XX0XX0XX0
000000000000000000000000000000000000000
XX0XX0XX0XX0XX0XX0XX0XX0XX0XX0XX0XX0XX0
000000000000000000000000000000000000000
XX0XX0XX0XX0XX0XX0XX0XX0XX0XX0XX0XX0XX0
000000000000000000000000000000000000000
XX0XX0XX0XX0XX0XX0XX0XX0XX0XX0XX0XX0XX0
000000000000000000000000000000000000000
XX0XX0XX0XX0XX0XX0XX0XX0XX0XX0XX0XX0XX0
000000000000000000000000000000000000000
XX0XX0XX0XX0XX0XX0XX0XX0XX0XX0XX0XX0XX0
000000000000000000000000000000000000000
XX0XX0XX0XX0XX0XX0XX0XX0XX0XX0XX0XX0XX0
000000000000000000000000000000000000000
XX0XX0XX0XX0XX0XX0XX0XX0XX0XX0XX0XX0XX0
000000000000000000000000000000000000000
XX0XX0XX0XX0XX0XX0XX0XX0XX0XX0XX0XX0XX0
000000000000000000000000000000000000000
XX0XX0XX0XX0XX0XX0XX0XX0XX0XX0XX0XX0XX0
000000000000000000000000000000000000000
XX0XX0XX0XX0XX0XX0XX0XX0XX0XX0XX0XX0XX0
000000000000000000000000000000000000000
XX0XX0XX0XX0XX0XX0XX0XX0XX0XX0XX0XX0XX0
000000000000000000000000000000000000000

X0X0X0X0X0X0X0X0X0X0X0X0X0X0X0X0X0X0
X0X0X0X0X0X0X0X0X0X0X0X0X0X0X0X0X0X0
000000000000000000000000000000000000
XX0XX0XX0XX0XX0XX0XX0XX0XX0XX0XX0XX0
000000000000000000000000000000000000
XX0XX0XX0XX0XX0XX0XX0XX0XX0XX0XX0XX0
000000000000000000000000000000000000
XX0XX0XX0XX0XX0XX0XX0XX0XX0XX0XX0XX0
000000000000000000000000000000000000
XX0XX0XX0XX0XX0XX0XX0XX0XX0XX0XX0XX0
000000000000000000000000000000000000
XX0XX0XX0XX0XX0XX0XX0XX0XX0XX0XX0XX0
000000000000000000000000000000000000
XX0XX0XX0XX0XX0XX0XX0XX0XX0XX0XX0XX0
000000000000000000000000000000000000
XX0XX0XX0XX0XX0XX0XX0XX0XX0XX0XX0XX0
000000000000000000000000000000000000
XX0XX0XX0XX0XX0XX0XX0XX0XX0XX0XX0XX0
000000000000000000000000000000000000
XX0XX0XX0XX0XX0XX0XX0XX0XX0XX0XX0XX0
000000000000000000000000000000000000
XX0XX0XX0XX0XX0XX0XX0XX0XX0XX0XX0XX0
000000000000000000000000000000000000
XX0XX0XX0XX0XX0XX0XX0XX0XX0XX0XX0XX0
000000000000000000000000000000000000
XX0XX0XX0XX0XX0XX0XX0XX0XX0XX0XX0XX0
000000000000000000000000000000000000

X0X0X0X0X0X0X0X0X0X0X0X0X0X0X0X0
X0X0X0X0X0X0X0X0X0X0X0X0X0X0X0X0
00000000000000000000000000000000
X0XX0XX0XX0XX0XX0XX0XX0XX0XX0XX0
X0000000000000000000000000000000
00XX0XX0XX0XX0XX0XX0XX0XX0XX0XX0
X0000000000000000000000000000000
X0XX0XX0XX0XX0XX0XX0XX0XX0XX0XX0
00000000000000000000000000000000

XX0X0X0XX0XX0XX0XX0XX0XX0
000X0X0000000000000000000
XX00000XX0XX0XX0XX0XX0XX0
000X0X0000000000000000000
XX0X0X0XX0XX0XX0XX0XX0XX0
0000000000000000000000000
XX0X0X0XX0XX0XX0XX0XX0XX0
000X0X0000000000000000000
XX00000XX0XX0XX0XX0XX0XX0
000X0X0000000000000000000
XX0X0X0XX0XX0XX0XX0XX0XX0
0000000000000000000000000
XX0X0X0XX0XX0XX0XX0XX0XX0
000X0X0000000000000000000
XX00000XX0XX0XX0XX0XX0XX0
000X0X0000000000000000000
XX0X0X0XX0XX0XX0XX0XX0XX0
0000000000000000000000000
XX0X0X0XX0XX0XX0XX0XX0XX0
000X0X0000000000000000000
XX00000XX0XX0XX0XX0XX0XX0
000X0X0000000000000000000
XX0X0X0XX0XX0XX0XX0XX0XX0
0000000000000000000000000

