Could not place all desks 45 we placed 24
DD..DD..DD..DD.
...............
...............
DD..DD..DD..DD.
...............
...............
DD..DD..DD..DD.
...............
...............
DD..DD..DD..DD.
...............
...............
DD..DD..DD..DD.
...............
...............
DD..DD..DD..DD.

Could not place all desks 19 we placed 8
DD..DD..DD..DD..
................
................
DD..DD..DD..DD..
................
................

Could not place all desks 34 we placed 16
DD..DD..DD..DD..DD..DD..DD..DD...
.................................
.................................
DD..DD..DD..DD..DD..DD..DD..DD...
.................................

Could not place all desks 204 we placed 108
DD..DD..DD..DD..DD..DD..DD..DD..DD
..................................
..................................
DD..DD..DD..DD..DD..DD..DD..DD..DD
..................................
..................................
DD..DD..DD..DD..DD..DD..DD..DD..DD
..................................
..................................
DD..DD..DD..DD..DD..DD..DD..DD..DD
..................................
..................................
DD..DD..DD..DD..DD..DD..DD..DD..DD
..................................
..................................
DD..DD..DD..DD..DD..DD..DD..DD..DD
..................................
..................................
DD..DD..DD..DD..DD..DD..DD..DD..DD
..................................
..................................
DD..DD..DD..DD..DD..DD..DD..DD..DD
..................................
..................................
DD..DD..DD..DD..DD..DD..DD..DD..DD
..................................
..................................
DD..DD..DD..DD..DD..DD..DD..DD..DD
..................................
..................................
DD..DD..DD..DD..DD..DD..DD..DD..DD
..................................
..................................
DD..DD..DD..DD..DD..DD..DD..DD..DD

Could not place all desks 64 we placed 36
DD..DD..DD..DD..DD..DD..DD..DD..DD
..................................
..................................
DD..DD..DD..DD..DD..DD..DD..DD..DD
..................................
..................................
DD..DD..DD..DD..DD..DD..DD..DD..DD
..................................
..................................
DD..DD..DD..DD..DD..DD..DD..DD..DD

Could not place all desks 85 we placed 40
DD..DD..DD..DD..DD..DD..DD..DD...
.................................
.................................
DD..DD..DD..DD..DD..DD..DD..DD...
.................................
.................................
DD..DD..DD..DD..DD..DD..DD..DD...
.................................
.................................
DD..DD..DD..DD..DD..DD..DD..DD...
.................................
.................................
DD..DD..DD..DD..DD..DD..DD..DD...
.................................

Could not place all desks 125 we placed 60
DD..DD..DD..DD..DD..DD...
.........................
.........................
DD..DD..DD..DD..DD..DD...
.........................
.........................
DD..DD..DD..DD..DD..DD...
.........................
.........................
DD..DD..DD..DD..DD..DD...
.........................
.........................
DD..DD..DD..DD..DD..DD...
.........................
.........................
DD..DD..DD..DD..DD..DD...
.........................
.........................
DD..DD..DD..DD..DD..DD...
.........................
.........................
DD..DD..DD..DD..DD..DD...
.........................
.........................
DD..DD..DD..DD..DD..DD...
.........................
.........................
DD..DD..DD..DD..DD..DD...

Could not place all desks 66 we placed 33
DD..DD..DD.
...........
...........
DD..DD..DD.
...........
...........
DD..DD..DD.
...........
...........
DD..DD..DD.
...........
...........
DD..DD..DD.
...........
...........
DD..DD..DD.
...........
...........
DD..DD..DD.
...........
...........
DD..DD..DD.
...........
...........
DD..DD..DD.
...........
...........
DD..DD..DD.
...........
...........
DD..DD..DD.
...........

Could not place all desks 82 we placed 40
DD..DD..DD..DD..DD..DD..DD..DD
..............................
..............................
DD..DD..DD..DD..DD..DD..DD..DD
..............................
..............................
DD..DD..DD..DD..DD..DD..DD..DD
..............................
..............................
DD..DD..DD..DD..DD..DD..DD..DD
..............................
..............................
DD..DD..DD..DD..DD..DD..DD..DD
..............................
..............................

Could not place all desks 12 we placed 8
DD..DD
......
......
DD..DD
......
......
DD..DD
......
......
DD..DD

Could not place all desks 58 we placed 32
DD..DD..DD..DD..DD..DD..DD..DD.
...............................
...............................
DD..DD..DD..DD..DD..DD..DD..DD.
...............................
...............................
DD..DD..DD..DD..DD..DD..DD..DD.
...............................
...............................
DD..DD..DD..DD..DD..DD..DD..DD.

Could not place all desks 44 we placed 25
DD..DD..DD..DD..DD
..................
..................
DD..DD..DD..DD..DD
..................
..................
DD..DD..DD..DD..DD
..................
..................
DD..DD..DD..DD..DD
..................
..................
DD..DD..DD..DD..DD

Could not place all desks 49 we placed 27
DD..DD..DD..DD..DD..DD..DD..DD..DD..
....................................
....................................
DD..DD..DD..DD..DD..DD..DD..DD..DD..
....................................
....................................
DD..DD..DD..DD..DD..DD..DD..DD..DD..

Could not place all desks 56 we placed 24
DD..DD..DD..DD..DD..DD...
.........................
.........................
DD..DD..DD..DD..DD..DD...
.........................
.........................
DD..DD..DD..DD..DD..DD...
.........................
.........................
DD..DD..DD..DD..DD..DD...
.........................
.........................

Could not place all desks 21 we placed 12
DD..DD
......
......
DD..DD
......
......
DD..DD
......
......
DD..DD
......
......
DD..DD
......
......
DD..DD
......

Could not place all desks 38 we placed 20
DD..DD.
.......
.......
DD..DD.
.......
.......
DD..DD.
.......
.......
DD..DD.
.......
.......
DD..DD.
.......
.......
DD..DD.
.......
.......
DD..DD.
.......
.......
DD..DD.
.......
.......
DD..DD.
.......
.......
DD..DD.

Could not place all desks 72 we placed 40
DD..DD..DD..DD
..............
..............
DD..DD..DD..DD
..............
..............
DD..DD..DD..DD
..............
..............
DD..DD..DD..DD
..............
..............
DD..DD..DD..DD
..............
..............
DD..DD..DD..DD
..............
..............
DD..DD..DD..DD
..............
..............
DD..DD..DD..DD
..............
..............
DD..DD..DD..DD
..............
..............
DD..DD..DD..DD

Could not place all desks 61 we placed 30
DD..DD..DD..DD..DD..DD
......................
......................
DD..DD..DD..DD..DD..DD
......................
......................
DD..DD..DD..DD..DD..DD
......................
......................
DD..DD..DD..DD..DD..DD
......................
......................
DD..DD..DD..DD..DD..DD
......................
......................

Could not place all desks 129 we placed 60
DD..DD..DD..DD..DD..DD..
........................
........................
DD..DD..DD..DD..DD..DD..
........................
........................
DD..DD..DD..DD..DD..DD..
........................
........................
DD..DD..DD..DD..DD..DD..
........................
........................
DD..DD..DD..DD..DD..DD..
........................
........................
DD..DD..DD..DD..DD..DD..
........................
........................
DD..DD..DD..DD..DD..DD..
........................
........................
DD..DD..DD..DD..DD..DD..
........................
........................
DD..DD..DD..DD..DD..DD..
........................
........................
DD..DD..DD..DD..DD..DD..
........................
........................

Could not place all desks 96 we placed 48
DD..DD..DD..DD..DD..DD..DD..DD.
...............................
...............................
DD..DD..DD..DD..DD..DD..DD..DD.
...............................
...............................
DD..DD..DD..DD..DD..DD..DD..DD.
...............................
...............................
DD..DD..DD..DD..DD..DD..DD..DD.
...............................
...............................
DD..DD..DD..DD..DD..DD..DD..DD.
...............................
...............................
DD..DD..DD..DD..DD..DD..DD..DD.
...............................

Could not place all desks 5 we placed 2
DD..
....
....
DD..
....

Could not place all desks 108 we placed 54
DD..DD..DD..DD..DD..DD..DD..DD..DD.
...................................
...................................
DD..DD..DD..DD..DD..DD..DD..DD..DD.
...................................
...................................
DD..DD..DD..DD..DD..DD..DD..DD..DD.
...................................
...................................
DD..DD..DD..DD..DD..DD..DD..DD..DD.
...................................
...................................
DD..DD..DD..DD..DD..DD..DD..DD..DD.
...................................
...................................
DD..DD..DD..DD..DD..DD..DD..DD..DD.
...................................

Could not place all desks 134 we placed 60
DD..DD..DD..DD..DD..DD...
.........................
.........................
DD..DD..DD..DD..DD..DD...
.........................
.........................
DD..DD..DD..DD..DD..DD...
.........................
.........................
DD..DD..DD..DD..DD..DD...
.........................
.........................
DD..DD..DD..DD..DD..DD...
.........................
.........................
DD..DD..DD..DD..DD..DD...
.........................
.........................
DD..DD..DD..DD..DD..DD...
.........................
.........................
DD..DD..DD..DD..DD..DD...
.........................
.........................
DD..DD..DD..DD..DD..DD...
.........................
.........................
DD..DD..DD..DD..DD..DD...
.........................
.........................

Could not place all desks 125 we placed 56
DD..DD..DD..DD..DD..DD..DD...
.............................
.............................
DD..DD..DD..DD..DD..DD..DD...
.............................
.............................
DD..DD..DD..DD..DD..DD..DD...
.............................
.............................
DD..DD..DD..DD..DD..DD..DD...
.............................
.............................
DD..DD..DD..DD..DD..DD..DD...
.............................
.............................
DD..DD..DD..DD..DD..DD..DD...
.............................
.............................
DD..DD..DD..DD..DD..DD..DD...
.............................
.............................
DD..DD..DD..DD..DD..DD..DD...
.............................
.............................

Could not place all desks 68 we placed 32
DD..DD..DD..DD..
................
................
DD..DD..DD..DD..
................
................
DD..DD..DD..DD..
................
................
DD..DD..DD..DD..
................
................
DD..DD..DD..DD..
................
................
DD..DD..DD..DD..
................
................
DD..DD..DD..DD..
................
................
DD..DD..DD..DD..
................

Could not place all desks 45 we placed 21
DD..DD..DD..DD..DD..DD..DD
..........................
..........................
DD..DD..DD..DD..DD..DD..DD
..........................
..........................
DD..DD..DD..DD..DD..DD..DD
..........................
..........................

Could not place all desks 30 we placed 15
DD..DD..DD..
............
............
DD..DD..DD..
............
............
DD..DD..DD..
............
............
DD..DD..DD..
............
............
DD..DD..DD..

Could not place all desks 101 we placed 52
DD..DD..DD..DD.
...............
...............
DD..DD..DD..DD.
...............
...............
DD..DD..DD..DD.
...............
...............
DD..DD..DD..DD.
...............
...............
DD..DD..DD..DD.
...............
...............
DD..DD..DD..DD.
...............
...............
DD..DD..DD..DD.
...............
...............
DD..DD..DD..DD.
...............
...............
DD..DD..DD..DD.
...............
...............
DD..DD..DD..DD.
...............
...............
DD..DD..DD..DD.
...............
...............
DD..DD..DD..DD.
...............
...............
DD..DD..DD..DD.

Could not place all desks 70 we placed 30
DD..DD..DD...
.............
.............
DD..DD..DD...
.............
.............
DD..DD..DD...
.............
.............
DD..DD..DD...
.............
.............
DD..DD..DD...
.............
.............
DD..DD..DD...
.............
.............
DD..DD..DD...
.............
.............
DD..DD..DD...
.............
.............
DD..DD..DD...
.............
.............
DD..DD..DD...
.............

Could not place all desks 43 we placed 20
DD..DD..DD..DD..DD.
...................
...................
DD..DD..DD..DD..DD.
...................
...................
DD..DD..DD..DD..DD.
...................
...................
DD..DD..DD..DD..DD.
...................
...................

Could not place all desks 39 we placed 18
DD..DD..
........
........
DD..DD..
........
........
DD..DD..
........
........
DD..DD..
........
........
DD..DD..
........
........
DD..DD..
........
........
DD..DD..
........
........
DD..DD..
........
........
DD..DD..

Could not place all desks 98 we placed 45
DD..DD..DD..DD..DD..DD..DD..DD..DD..
....................................
....................................
DD..DD..DD..DD..DD..DD..DD..DD..DD..
....................................
....................................
DD..DD..DD..DD..DD..DD..DD..DD..DD..
....................................
....................................
DD..DD..DD..DD..DD..DD..DD..DD..DD..
....................................
....................................
DD..DD..DD..DD..DD..DD..DD..DD..DD..
....................................
....................................

Could not place all desks 95 we placed 50
DD..DD..DD..DD..DD
..................
..................
DD..DD..DD..DD..DD
..................
..................
DD..DD..DD..DD..DD
..................
..................
DD..DD..DD..DD..DD
..................
..................
DD..DD..DD..DD..DD
..................
..................
DD..DD..DD..DD..DD
..................
..................
DD..DD..DD..DD..DD
..................
..................
DD..DD..DD..DD..DD
..................
..................
DD..DD..DD..DD..DD
..................
..................
DD..DD..DD..DD..DD
..................

Could not place all desks 47 we placed 20
DD..DD..DD..DD..DD...
.....................
.....................
DD..DD..DD..DD..DD...
.....................
.....................
DD..DD..DD..DD..DD...
.....................
.....................
DD..DD..DD..DD..DD...
.....................
.....................

Could not place all desks 36 we placed 16
DD..DD..
........
........
DD..DD..
........
........
DD..DD..
........
........
DD..DD..
........
........
DD..DD..
........
........
DD..DD..
........
........
DD..DD..
........
........
DD..DD..
........

Could not place all desks 37 we placed 15
DD..DD..DD...
.............
.............
DD..DD..DD...
.............
.............
DD..DD..DD...
.............
.............
DD..DD..DD...
.............
.............
DD..DD..DD...
.............
.............

Could not place all desks 10 we placed 6
DD..DD
......
......
DD..DD
......
......
DD..DD
......

Could not place all desks 77 we placed 40
DD..DD..DD..DD
..............
..............
DD..DD..DD..DD
..............
..............
DD..DD..DD..DD
..............
..............
DD..DD..DD..DD
..............
..............
DD..DD..DD..DD
..............
..............
DD..DD..DD..DD
..............
..............
DD..DD..DD..DD
..............
..............
DD..DD..DD..DD
..............
..............
DD..DD..DD..DD
..............
..............
DD..DD..DD..DD
..............
..............

Could not place all desks 27 we placed 9
DD...
.....
.....
DD...
.....
.....
DD...
.....
.....
DD...
.....
.....
DD...
.....
.....
DD...
.....
.....
DD...
.....
.....
DD...
.....
.....
DD...
.....

Could not place all desks 53 we placed 28
DD..DD..DD..DD.
...............
...............
DD..DD..DD..DD.
...............
...............
DD..DD..DD..DD.
...............
...............
DD..DD..DD..DD.
...............
...............
DD..DD..DD..DD.
...............
...............
DD..DD..DD..DD.
...............
...............
DD..DD..DD..DD.

Could not place all desks 65 we placed 36
DD..DD..DD..DD
..............
..............
DD..DD..DD..DD
..............
..............
DD..DD..DD..DD
..............
..............
DD..DD..DD..DD
..............
..............
DD..DD..DD..DD
..............
..............
DD..DD..DD..DD
..............
..............
DD..DD..DD..DD
..............
..............
DD..DD..DD..DD
..............
..............
DD..DD..DD..DD

Could not place all desks 25 we placed 10
DD..DD..DD..DD..DD...
.....................
.....................
DD..DD..DD..DD..DD...
.....................
.....................

Could not place all desks 101 we placed 45
DD..DD..DD..DD..DD..DD..DD..DD..DD...
.....................................
.....................................
DD..DD..DD..DD..DD..DD..DD..DD..DD...
.....................................
.....................................
DD..DD..DD..DD..DD..DD..DD..DD..DD...
.....................................
.....................................
DD..DD..DD..DD..DD..DD..DD..DD..DD...
.....................................
.....................................
DD..DD..DD..DD..DD..DD..DD..DD..DD...
.....................................
.....................................

Could not place all desks 96 we placed 48
DD..DD..DD..DD.
...............
...............
DD..DD..DD..DD.
...............
...............
DD..DD..DD..DD.
...............
...............
DD..DD..DD..DD.
...............
...............
DD..DD..DD..DD.
...............
...............
DD..DD..DD..DD.
...............
...............
DD..DD..DD..DD.
...............
...............
DD..DD..DD..DD.
...............
...............
DD..DD..DD..DD.
...............
...............
DD..DD..DD..DD.
...............
...............
DD..DD..DD..DD.
...............
...............
DD..DD..DD..DD.
...............

Could not place all desks 154 we placed 80
DD..DD..DD..DD..DD..DD..DD..DD.
...............................
...............................
DD..DD..DD..DD..DD..DD..DD..DD.
...............................
...............................
DD..DD..DD..DD..DD..DD..DD..DD.
...............................
...............................
DD..DD..DD..DD..DD..DD..DD..DD.
...............................
...............................
DD..DD..DD..DD..DD..DD..DD..DD.
...............................
...............................
DD..DD..DD..DD..DD..DD..DD..DD.
...............................
...............................
DD..DD..DD..DD..DD..DD..DD..DD.
...............................
...............................
DD..DD..DD..DD..DD..DD..DD..DD.
...............................
...............................
DD..DD..DD..DD..DD..DD..DD..DD.
...............................
...............................
DD..DD..DD..DD..DD..DD..DD..DD.

Could not place all desks 10 we placed 3
DD...
.....
.....
DD...
.....
.....
DD...
.....
.....

Could not place all desks 158 we placed 72
DD..DD..DD..DD..DD..DD..DD..DD..DD...
.....................................
.....................................
DD..DD..DD..DD..DD..DD..DD..DD..DD...
.....................................
.....................................
DD..DD..DD..DD..DD..DD..DD..DD..DD...
.....................................
.....................................
DD..DD..DD..DD..DD..DD..DD..DD..DD...
.....................................
.....................................
DD..DD..DD..DD..DD..DD..DD..DD..DD...
.....................................
.....................................
DD..DD..DD..DD..DD..DD..DD..DD..DD...
.....................................
.....................................
DD..DD..DD..DD..DD..DD..DD..DD..DD...
.....................................
.....................................
DD..DD..DD..DD..DD..DD..DD..DD..DD...
.....................................
.....................................

Could not place all desks 81 we placed 45
DD..DD..DD..DD..DD..DD..DD..DD..DD
..................................
..................................
DD..DD..DD..DD..DD..DD..DD..DD..DD
..................................
..................................
DD..DD..DD..DD..DD..DD..DD..DD..DD
..................................
..................................
DD..DD..DD..DD..DD..DD..DD..DD..DD
..................................
..................................
DD..DD..DD..DD..DD..DD..DD..DD..DD

Could not place all desks 59 we placed 30
DD..DD..DD..DD..DD..
....................
....................
DD..DD..DD..DD..DD..
....................
....................
DD..DD..DD..DD..DD..
....................
....................
DD..DD..DD..DD..DD..
....................
....................
DD..DD..DD..DD..DD..
....................
....................
DD..DD..DD..DD..DD..

Could not place all desks 107 we placed 54
DD..DD..DD..DD..DD..DD
......................
......................
DD..DD..DD..DD..DD..DD
......................
......................
DD..DD..DD..DD..DD..DD
......................
......................
DD..DD..DD..DD..DD..DD
......................
......................
DD..DD..DD..DD..DD..DD
......................
......................
DD..DD..DD..DD..DD..DD
......................
......................
DD..DD..DD..DD..DD..DD
......................
......................
DD..DD..DD..DD..DD..DD
......................
......................
DD..DD..DD..DD..DD..DD
......................
......................

Could not place all desks 72 we placed 36
DD..DD..DD..DD.
...............
...............
DD..DD..DD..DD.
...............
...............
DD..DD..DD..DD.
...............
...............
DD..DD..DD..DD.
...............
...............
DD..DD..DD..DD.
...............
...............
DD..DD..DD..DD.
...............
...............
DD..DD..DD..DD.
...............
...............
DD..DD..DD..DD.
...............
...............
DD..DD..DD..DD.
...............

Could not place all desks 38 we placed 21
DD..DD..DD..DD..DD..DD..DD..
............................
............................
DD..DD..DD..DD..DD..DD..DD..
............................
............................
DD..DD..DD..DD..DD..DD..DD..

Could not place all desks 90 we placed 48
DD..DD..DD..DD..DD..DD..DD..DD.
...............................
...............................
DD..DD..DD..DD..DD..DD..DD..DD.
...............................
...............................
DD..DD..DD..DD..DD..DD..DD..DD.
...............................
...............................
DD..DD..DD..DD..DD..DD..DD..DD.
...............................
...............................
DD..DD..DD..DD..DD..DD..DD..DD.
...............................
...............................
DD..DD..DD..DD..DD..DD..DD..DD.

Could not place all desks 70 we placed 36
DD..DD..DD..DD..DD..DD..
........................
........................
DD..DD..DD..DD..DD..DD..
........................
........................
DD..DD..DD..DD..DD..DD..
........................
........................
DD..DD..DD..DD..DD..DD..
........................
........................
DD..DD..DD..DD..DD..DD..
........................
........................
DD..DD..DD..DD..DD..DD..

Could not place all desks 124 we placed 56
DD..DD..DD..DD..DD..DD..DD..DD...
.................................
.................................
DD..DD..DD..DD..DD..DD..DD..DD...
.................................
.................................
DD..DD..DD..DD..DD..DD..DD..DD...
.................................
.................................
DD..DD..DD..DD..DD..DD..DD..DD...
.................................
.................................
DD..DD..DD..DD..DD..DD..DD..DD...
.................................
.................................
DD..DD..DD..DD..DD..DD..DD..DD...
.................................
.................................
DD..DD..DD..DD..DD..DD..DD..DD...
.................................
.................................

Could not place all desks 32 we placed 16
DD..DD..DD..DD
..............
..............
DD..DD..DD..DD
..............
..............
DD..DD..DD..DD
..............
..............
DD..DD..DD..DD
..............
..............

Could not place all desks 96 we placed 49
DD..DD..DD..DD..DD..DD..DD..
............................
............................
DD..DD..DD..DD..DD..DD..DD..
............................
............................
DD..DD..DD..DD..DD..DD..DD..
............................
............................
DD..DD..DD..DD..DD..DD..DD..
............................
............................
DD..DD..DD..DD..DD..DD..DD..
............................
............................
DD..DD..DD..DD..DD..DD..DD..
............................
............................
DD..DD..DD..DD..DD..DD..DD..

Could not place all desks 43 we placed 20
DD..DD..
........
........
DD..DD..
........
........
DD..DD..
........
........
DD..DD..
........
........
DD..DD..
........
........
DD..DD..
........
........
DD..DD..
........
........
DD..DD..
........
........
DD..DD..
........
........
DD..DD..

Could not place all desks 208 we placed 110
DD..DD..DD..DD..DD..DD..DD..DD..DD..DD
......................................
......................................
DD..DD..DD..DD..DD..DD..DD..DD..DD..DD
......................................
......................................
DD..DD..DD..DD..DD..DD..DD..DD..DD..DD
......................................
......................................
DD..DD..DD..DD..DD..DD..DD..DD..DD..DD
......................................
......................................
DD..DD..DD..DD..DD..DD..DD..DD..DD..DD
......................................
......................................
DD..DD..DD..DD..DD..DD..DD..DD..DD..DD
......................................
......................................
DD..DD..DD..DD..DD..DD..DD..DD..DD..DD
......................................
......................................
DD..DD..DD..DD..DD..DD..DD..DD..DD..DD
......................................
......................................
DD..DD..DD..DD..DD..DD..DD..DD..DD..DD
......................................
......................................
DD..DD..DD..DD..DD..DD..DD..DD..DD..DD
......................................
......................................
DD..DD..DD..DD..DD..DD..DD..DD..DD..DD

Could not place all desks 162 we placed 81
DD..DD..DD..DD..DD..DD..DD..DD..DD.
...................................
...................................
DD..DD..DD..DD..DD..DD..DD..DD..DD.
...................................
...................................
DD..DD..DD..DD..DD..DD..DD..DD..DD.
...................................
...................................
DD..DD..DD..DD..DD..DD..DD..DD..DD.
...................................
...................................
DD..DD..DD..DD..DD..DD..DD..DD..DD.
...................................
...................................
DD..DD..DD..DD..DD..DD..DD..DD..DD.
...................................
...................................
DD..DD..DD..DD..DD..DD..DD..DD..DD.
...................................
...................................
DD..DD..DD..DD..DD..DD..DD..DD..DD.
...................................
...................................
DD..DD..DD..DD..DD..DD..DD..DD..DD.
...................................

Could not place all desks 30 we placed 15
DD..DD..DD..DD..DD.
...................
...................
DD..DD..DD..DD..DD.
...................
...................
DD..DD..DD..DD..DD.
...................

Could not place all desks 176 we placed 88
DD..DD..DD..DD..DD..DD..DD..DD..
................................
................................
DD..DD..DD..DD..DD..DD..DD..DD..
................................
................................
DD..DD..DD..DD..DD..DD..DD..DD..
................................
................................
DD..DD..DD..DD..DD..DD..DD..DD..
................................
................................
DD..DD..DD..DD..DD..DD..DD..DD..
................................
................................
DD..DD..DD..DD..DD..DD..DD..DD..
................................
................................
DD..DD..DD..DD..DD..DD..DD..DD..
................................
................................
DD..DD..DD..DD..DD..DD..DD..DD..
................................
................................
DD..DD..DD..DD..DD..DD..DD..DD..
................................
................................
DD..DD..DD..DD..DD..DD..DD..DD..
................................
................................
DD..DD..DD..DD..DD..DD..DD..DD..

Could not place all desks 201 we placed 104
DD..DD..DD..DD..DD..DD..DD..DD
..............................
..............................
DD..DD..DD..DD..DD..DD..DD..DD
..............................
..............................
DD..DD..DD..DD..DD..DD..DD..DD
..............................
..............................
DD..DD..DD..DD..DD..DD..DD..DD
..............................
..............................
DD..DD..DD..DD..DD..DD..DD..DD
..............................
..............................
DD..DD..DD..DD..DD..DD..DD..DD
..............................
..............................
DD..DD..DD..DD..DD..DD..DD..DD
..............................
..............................
DD..DD..DD..DD..DD..DD..DD..DD
..............................
..............................
DD..DD..DD..DD..DD..DD..DD..DD
..............................
..............................
DD..DD..DD..DD..DD..DD..DD..DD
..............................
..............................
DD..DD..DD..DD..DD..DD..DD..DD
..............................
..............................
DD..DD..DD..DD..DD..DD..DD..DD
..............................
..............................
DD..DD..DD..DD..DD..DD..DD..DD
..............................

Could not place all desks 46 we placed 24
DD..DD.
.......
.......
DD..DD.
.......
.......
DD..DD.
.......
.......
DD..DD.
.......
.......
DD..DD.
.......
.......
DD..DD.
.......
.......
DD..DD.
.......
.......
DD..DD.
.......
.......
DD..DD.
.......
.......
DD..DD.
.......
.......
DD..DD.
.......
.......
DD..DD.

Could not place all desks 36 we placed 18
DD..DD..DD..DD..DD..DD..DD..DD..DD.
...................................
...................................
DD..DD..DD..DD..DD..DD..DD..DD..DD.
...................................

Could not place all desks 51 we placed 20
DD..DD...
.........
.........
DD..DD...
.........
.........
DD..DD...
.........
.........
DD..DD...
.........
.........
DD..DD...
.........
.........
DD..DD...
.........
.........
DD..DD...
.........
.........
DD..DD...
.........
.........
DD..DD...
.........
.........
DD..DD...
.........
.........

Could not place all desks 148 we placed 77
DD..DD..DD..DD..DD..DD..DD
..........................
..........................
DD..DD..DD..DD..DD..DD..DD
..........................
..........................
DD..DD..DD..DD..DD..DD..DD
..........................
..........................
DD..DD..DD..DD..DD..DD..DD
..........................
..........................
DD..DD..DD..DD..DD..DD..DD
..........................
..........................
DD..DD..DD..DD..DD..DD..DD
..........................
..........................
DD..DD..DD..DD..DD..DD..DD
..........................
..........................
DD..DD..DD..DD..DD..DD..DD
..........................
..........................
DD..DD..DD..DD..DD..DD..DD
..........................
..........................
DD..DD..DD..DD..DD..DD..DD
..........................
..........................
DD..DD..DD..DD..DD..DD..DD
..........................

Could not place all desks 43 we placed 20
DD..DD..
........
........
DD..DD..
........
........
DD..DD..
........
........
DD..DD..
........
........
DD..DD..
........
........
DD..DD..
........
........
DD..DD..
........
........
DD..DD..
........
........
DD..DD..
........
........
DD..DD..

Could not place all desks 108 we placed 54
DD..DD..DD..DD..DD..DD.
.......................
.......................
DD..DD..DD..DD..DD..DD.
.......................
.......................
DD..DD..DD..DD..DD..DD.
.......................
.......................
DD..DD..DD..DD..DD..DD.
.......................
.......................
DD..DD..DD..DD..DD..DD.
.......................
.......................
DD..DD..DD..DD..DD..DD.
.......................
.......................
DD..DD..DD..DD..DD..DD.
.......................
.......................
DD..DD..DD..DD..DD..DD.
.......................
.......................
DD..DD..DD..DD..DD..DD.
.......................

Could not place all desks 30 we placed 15
DD..DD..DD..
............
............
DD..DD..DD..
............
............
DD..DD..DD..
............
............
DD..DD..DD..
............
............
DD..DD..DD..

Could not place all desks 85 we placed 42
DD..DD..DD..DD..DD..DD..DD
..........................
..........................
DD..DD..DD..DD..DD..DD..DD
..........................
..........................
DD..DD..DD..DD..DD..DD..DD
..........................
..........................
DD..DD..DD..DD..DD..DD..DD
..........................
..........................
DD..DD..DD..DD..DD..DD..DD
..........................
..........................
DD..DD..DD..DD..DD..DD..DD
..........................
..........................

Could not place all desks 40 we placed 16
DD..DD...
.........
.........
DD..DD...
.........
.........
DD..DD...
.........
.........
DD..DD...
.........
.........
DD..DD...
.........
.........
DD..DD...
.........
.........
DD..DD...
.........
.........
DD..DD...
.........

Could not place all desks 128 we placed 66
DD..DD..DD..DD..DD..DD.
.......................
.......................
DD..DD..DD..DD..DD..DD.
.......................
.......................
DD..DD..DD..DD..DD..DD.
.......................
.......................
DD..DD..DD..DD..DD..DD.
.......................
.......................
DD..DD..DD..DD..DD..DD.
.......................
.......................
DD..DD..DD..DD..DD..DD.
.......................
.......................
DD..DD..DD..DD..DD..DD.
.......................
.......................
DD..DD..DD..DD..DD..DD.
.......................
.......................
DD..DD..DD..DD..DD..DD.
.......................
.......................
DD..DD..DD..DD..DD..DD.
.......................
.......................
DD..DD..DD..DD..DD..DD.

Could not place all desks 51 we placed 28
DD..DD..DD..DD..DD..DD..DD.
...........................
...........................
DD..DD..DD..DD..DD..DD..DD.
...........................
...........................
DD..DD..DD..DD..DD..DD..DD.
...........................
...........................
DD..DD..DD..DD..DD..DD..DD.

Could not place all desks 55 we placed 25
DD..DD..DD..DD..DD...
.....................
.....................
DD..DD..DD..DD..DD...
.....................
.....................
DD..DD..DD..DD..DD...
.....................
.....................
DD..DD..DD..DD..DD...
.....................
.....................
DD..DD..DD..DD..DD...
.....................

Could not place all desks 34 we placed 18
DD..DD..DD..DD..DD..DD
......................
......................
DD..DD..DD..DD..DD..DD
......................
......................
DD..DD..DD..DD..DD..DD
......................

Could not place all desks 11 we placed 4
DD..DD...
.........
.........
DD..DD...
.........
.........

Could not place all desks 135 we placed 63
DD..DD..DD..DD..DD..DD..DD..DD..DD..
....................................
....................................
DD..DD..DD..DD..DD..DD..DD..DD..DD..
....................................
....................................
DD..DD..DD..DD..DD..DD..DD..DD..DD..
....................................
....................................
DD..DD..DD..DD..DD..DD..DD..DD..DD..
....................................
....................................
DD..DD..DD..DD..DD..DD..DD..DD..DD..
....................................
....................................
DD..DD..DD..DD..DD..DD..DD..DD..DD..
....................................
....................................
DD..DD..DD..DD..DD..DD..DD..DD..DD..
....................................
....................................

Could not place all desks 10 we placed 6
DD..DD.
.......
.......
DD..DD.
.......
.......
DD..DD.

Could not place all desks 30 we placed 12
DD..DD..DD..DD...
.................
.................
DD..DD..DD..DD...
.................
.................
DD..DD..DD..DD...
.................
.................

Could not place all desks 125 we placed 56
DD..DD..DD..DD..DD..DD..DD...
.............................
.............................
DD..DD..DD..DD..DD..DD..DD...
.............................
.............................
DD..DD..DD..DD..DD..DD..DD...
.............................
.............................
DD..DD..DD..DD..DD..DD..DD...
.............................
.............................
DD..DD..DD..DD..DD..DD..DD...
.............................
.............................
DD..DD..DD..DD..DD..DD..DD...
.............................
.............................
DD..DD..DD..DD..DD..DD..DD...
.............................
.............................
DD..DD..DD..DD..DD..DD..DD...
.............................
.............................

Could not place all desks 58 we placed 27
DD..DD..DD..
............
............
DD..DD..DD..
............
............
DD..DD..DD..
............
............
DD..DD..DD..
............
............
DD..DD..DD..
............
............
DD..DD..DD..
............
............
DD..DD..DD..
............
............
DD..DD..DD..
............
............
DD..DD..DD..
............

Could not place all desks 77 we placed 33
DD..DD..DD...
.............
.............
DD..DD..DD...
.............
.............
DD..DD..DD...
.............
.............
DD..DD..DD...
.............
.............
DD..DD..DD...
.............
.............
DD..DD..DD...
.............
.............
DD..DD..DD...
.............
.............
DD..DD..DD...
.............
.............
DD..DD..DD...
.............
.............
DD..DD..DD...
.............
.............
DD..DD..DD...
.............

Could not place all desks 6 we placed 4
DD..DD.
.......
.......
DD..DD.

Could not place all desks 144 we placed 72
DD..DD..DD..DD..DD..DD..DD..DD
..............................
..............................
DD..DD..DD..DD..DD..DD..DD..DD
..............................
..............................
DD..DD..DD..DD..DD..DD..DD..DD
..............................
..............................
DD..DD..DD..DD..DD..DD..DD..DD
..............................
..............................
DD..DD..DD..DD..DD..DD..DD..DD
..............................
..............................
DD..DD..DD..DD..DD..DD..DD..DD
..............................
..............................
DD..DD..DD..DD..DD..DD..DD..DD
..............................
..............................
DD..DD..DD..DD..DD..DD..DD..DD
..............................
..............................
DD..DD..DD..DD..DD..DD..DD..DD
..............................
..............................

Could not place all desks 141 we placed 66
DD..DD..DD..DD..DD..DD..
........................
........................
DD..DD..DD..DD..DD..DD..
........................
........................
DD..DD..DD..DD..DD..DD..
........................
........................
DD..DD..DD..DD..DD..DD..
........................
........................
DD..DD..DD..DD..DD..DD..
........................
........................
DD..DD..DD..DD..DD..DD..
........................
........................
DD..DD..DD..DD..DD..DD..
........................
........................
DD..DD..DD..DD..DD..DD..
........................
........................
DD..DD..DD..DD..DD..DD..
........................
........................
DD..DD..DD..DD..DD..DD..
........................
........................
DD..DD..DD..DD..DD..DD..
........................
........................

Could not place all desks 126 we placed 64
DD..DD..DD..DD..DD..DD..DD..DD..
................................
................................
DD..DD..DD..DD..DD..DD..DD..DD..
................................
................................
DD..DD..DD..DD..DD..DD..DD..DD..
................................
................................
DD..DD..DD..DD..DD..DD..DD..DD..
................................
................................
DD..DD..DD..DD..DD..DD..DD..DD..
................................
................................
DD..DD..DD..DD..DD..DD..DD..DD..
................................
................................
DD..DD..DD..DD..DD..DD..DD..DD..
................................
................................
DD..DD..DD..DD..DD..DD..DD..DD..

Could not place all desks 77 we placed 35
DD..DD..DD..DD..DD..DD..DD..
............................
............................
DD..DD..DD..DD..DD..DD..DD..
............................
............................
DD..DD..DD..DD..DD..DD..DD..
............................
............................
DD..DD..DD..DD..DD..DD..DD..
............................
............................
DD..DD..DD..DD..DD..DD..DD..
............................
............................

Could not place all desks 72 we placed 40
DD..DD..DD..DD..DD
..................
..................
DD..DD..DD..DD..DD
..................
..................
DD..DD..DD..DD..DD
..................
..................
DD..DD..DD..DD..DD
..................
..................
DD..DD..DD..DD..DD
..................
..................
DD..DD..DD..DD..DD
..................
..................
DD..DD..DD..DD..DD
..................
..................
DD..DD..DD..DD..DD

Could not place all desks 70 we placed 35
DD..DD..DD..DD..DD..
....................
....................
DD..DD..DD..DD..DD..
....................
....................
DD..DD..DD..DD..DD..
....................
....................
DD..DD..DD..DD..DD..
....................
....................
DD..DD..DD..DD..DD..
....................
....................
DD..DD..DD..DD..DD..
....................
....................
DD..DD..DD..DD..DD..

Could not place all desks 29 we placed 14
DD..DD..DD..DD..DD..DD..DD..
............................
............................
DD..DD..DD..DD..DD..DD..DD..
............................

Could not place all desks 53 we placed 30
DD..DD..DD..DD..DD
..................
..................
DD..DD..DD..DD..DD
..................
..................
DD..DD..DD..DD..DD
..................
..................
DD..DD..DD..DD..DD
..................
..................
DD..DD..DD..DD..DD
..................
..................
DD..DD..DD..DD..DD

Could not place all desks 67 we placed 36
DD..DD..DD
..........
..........
DD..DD..DD
..........
..........
DD..DD..DD
..........
..........
DD..DD..DD
..........
..........
DD..DD..DD
..........
..........
DD..DD..DD
..........
..........
DD..DD..DD
..........
..........
DD..DD..DD
..........
..........
DD..DD..DD
..........
..........
DD..DD..DD
..........
..........
DD..DD..DD
..........
..........
DD..DD..DD
..........
..........

Could not place all desks 117 we placed 55
DD..DD..DD..DD..DD...
.....................
.....................
DD..DD..DD..DD..DD...
.....................
.....................
DD..DD..DD..DD..DD...
.....................
.....................
DD..DD..DD..DD..DD...
.....................
.....................
DD..DD..DD..DD..DD...
.....................
.....................
DD..DD..DD..DD..DD...
.....................
.....................
DD..DD..DD..DD..DD...
.....................
.....................
DD..DD..DD..DD..DD...
.....................
.....................
DD..DD..DD..DD..DD...
.....................
.....................
DD..DD..DD..DD..DD...
.....................
.....................
DD..DD..DD..DD..DD...

Could not place all desks 30 we placed 12
DD..DD...
.........
.........
DD..DD...
.........
.........
DD..DD...
.........
.........
DD..DD...
.........
.........
DD..DD...
.........
.........
DD..DD...
.........

Could not place all desks 25 we placed 12
DD..DD..
........
........
DD..DD..
........
........
DD..DD..
........
........
DD..DD..
........
........
DD..DD..
........
........
DD..DD..

Could not place all desks 195 we placed 91
DD..DD..DD..DD..DD..DD..DD...
.............................
.............................
DD..DD..DD..DD..DD..DD..DD...
.............................
.............................
DD..DD..DD..DD..DD..DD..DD...
.............................
.............................
DD..DD..DD..DD..DD..DD..DD...
.............................
.............................
DD..DD..DD..DD..DD..DD..DD...
.............................
.............................
DD..DD..DD..DD..DD..DD..DD...
.............................
.............................
DD..DD..DD..DD..DD..DD..DD...
.............................
.............................
DD..DD..DD..DD..DD..DD..DD...
.............................
.............................
DD..DD..DD..DD..DD..DD..DD...
.............................
.............................
DD..DD..DD..DD..DD..DD..DD...
.............................
.............................
DD..DD..DD..DD..DD..DD..DD...
.............................
.............................
DD..DD..DD..DD..DD..DD..DD...
.............................
.............................
DD..DD..DD..DD..DD..DD..DD...
.............................

Could not place all desks 162 we placed 81
DD..DD..DD..DD..DD..DD..DD..DD..DD.
...................................
...................................
DD..DD..DD..DD..DD..DD..DD..DD..DD.
...................................
...................................
DD..DD..DD..DD..DD..DD..DD..DD..DD.
...................................
...................................
DD..DD..DD..DD..DD..DD..DD..DD..DD.
...................................
...................................
DD..DD..DD..DD..DD..DD..DD..DD..DD.
...................................
...................................
DD..DD..DD..DD..DD..DD..DD..DD..DD.
...................................
...................................
DD..DD..DD..DD..DD..DD..DD..DD..DD.
...................................
...................................
DD..DD..DD..DD..DD..DD..DD..DD..DD.
...................................
...................................
DD..DD..DD..DD..DD..DD..DD..DD..DD.
...................................

Could not place all desks 48 we placed 22
DD..DD..
........
........
DD..DD..
........
........
DD..DD..
........
........
DD..DD..
........
........
DD..DD..
........
........
DD..DD..
........
........
DD..DD..
........
........
DD..DD..
........
........
DD..DD..
........
........
DD..DD..
........
........
DD..DD..

Could not place all desks 100 we placed 48
DD..DD..DD..DD..DD..DD.
.......................
.......................
DD..DD..DD..DD..DD..DD.
.......................
.......................
DD..DD..DD..DD..DD..DD.
.......................
.......................
DD..DD..DD..DD..DD..DD.
.......................
.......................
DD..DD..DD..DD..DD..DD.
.......................
.......................
DD..DD..DD..DD..DD..DD.
.......................
.......................
DD..DD..DD..DD..DD..DD.
.......................
.......................
DD..DD..DD..DD..DD..DD.
.......................
.......................

