Could not place all desks 29 we placed 15
DD..DD..DD..DD..DD...
.....................
.....................
DD..DD..DD..DD..DD...
.....................
.....................
DD..DD..DD..DD..DD...

Could not place all desks 13 we placed 6
DD..DD.
.......
.......
DD..DD.
.......
.......
DD..DD.
.......
.......

Could not place all desks 180 we placed 84
DD..DD..DD..DD..DD..DD..DD...
.............................
.............................
DD..DD..DD..DD..DD..DD..DD...
.............................
.............................
DD..DD..DD..DD..DD..DD..DD...
.............................
.............................
DD..DD..DD..DD..DD..DD..DD...
.............................
.............................
DD..DD..DD..DD..DD..DD..DD...
.............................
.............................
DD..DD..DD..DD..DD..DD..DD...
.............................
.............................
DD..DD..DD..DD..DD..DD..DD...
.............................
.............................
DD..DD..DD..DD..DD..DD..DD...
.............................
.............................
DD..DD..DD..DD..DD..DD..DD...
.............................
.............................
DD..DD..DD..DD..DD..DD..DD...
.............................
.............................
DD..DD..DD..DD..DD..DD..DD...
.............................
.............................
DD..DD..DD..DD..DD..DD..DD...
.............................

Could not place all desks 88 we placed 45
DD..DD..DD..DD..DD..DD..DD..DD..DD...
.....................................
.....................................
DD..DD..DD..DD..DD..DD..DD..DD..DD...
.....................................
.....................................
DD..DD..DD..DD..DD..DD..DD..DD..DD...
.....................................
.....................................
DD..DD..DD..DD..DD..DD..DD..DD..DD...
.....................................
.....................................
DD..DD..DD..DD..DD..DD..DD..DD..DD...

Could not place all desks 169 we placed 90
DD..DD..DD..DD..DD..DD..DD..DD..DD..DD
......................................
......................................
DD..DD..DD..DD..DD..DD..DD..DD..DD..DD
......................................
......................................
DD..DD..DD..DD..DD..DD..DD..DD..DD..DD
......................................
......................................
DD..DD..DD..DD..DD..DD..DD..DD..DD..DD
......................................
......................................
DD..DD..DD..DD..DD..DD..DD..DD..DD..DD
......................................
......................................
DD..DD..DD..DD..DD..DD..DD..DD..DD..DD
......................................
......................................
DD..DD..DD..DD..DD..DD..DD..DD..DD..DD
......................................
......................................
DD..DD..DD..DD..DD..DD..DD..DD..DD..DD
......................................
......................................
DD..DD..DD..DD..DD..DD..DD..DD..DD..DD

Could not place all desks 87 we placed 40
DD..DD..DD..DD..
................
................
DD..DD..DD..DD..
................
................
DD..DD..DD..DD..
................
................
DD..DD..DD..DD..
................
................
DD..DD..DD..DD..
................
................
DD..DD..DD..DD..
................
................
DD..DD..DD..DD..
................
................
DD..DD..DD..DD..
................
................
DD..DD..DD..DD..
................
................
DD..DD..DD..DD..
................
................

Could not place all desks 81 we placed 36
DD..DD..DD..DD...
.................
.................
DD..DD..DD..DD...
.................
.................
DD..DD..DD..DD...
.................
.................
DD..DD..DD..DD...
.................
.................
DD..DD..DD..DD...
.................
.................
DD..DD..DD..DD...
.................
.................
DD..DD..DD..DD...
.................
.................
DD..DD..DD..DD...
.................
.................
DD..DD..DD..DD...
.................

Could not place all desks 221 we placed 110
DD..DD..DD..DD..DD..DD..DD..DD..DD..DD
......................................
......................................
DD..DD..DD..DD..DD..DD..DD..DD..DD..DD
......................................
......................................
DD..DD..DD..DD..DD..DD..DD..DD..DD..DD
......................................
......................................
DD..DD..DD..DD..DD..DD..DD..DD..DD..DD
......................................
......................................
DD..DD..DD..DD..DD..DD..DD..DD..DD..DD
......................................
......................................
DD..DD..DD..DD..DD..DD..DD..DD..DD..DD
......................................
......................................
DD..DD..DD..DD..DD..DD..DD..DD..DD..DD
......................................
......................................
DD..DD..DD..DD..DD..DD..DD..DD..DD..DD
......................................
......................................
DD..DD..DD..DD..DD..DD..DD..DD..DD..DD
......................................
......................................
DD..DD..DD..DD..DD..DD..DD..DD..DD..DD
......................................
......................................
DD..DD..DD..DD..DD..DD..DD..DD..DD..DD
......................................
......................................

Could not place all desks 62 we placed 30
DD..DD..DD.
...........
...........
DD..DD..DD.
...........
...........
DD..DD..DD.
...........
...........
DD..DD..DD.
...........
...........
DD..DD..DD.
...........
...........
DD..DD..DD.
...........
...........
DD..DD..DD.
...........
...........
DD..DD..DD.
...........
...........
DD..DD..DD.
...........
...........
DD..DD..DD.
...........
...........

Could not place all desks 36 we placed 18
DD..DD..DD..DD..DD..DD..DD..DD..DD.
...................................
...................................
DD..DD..DD..DD..DD..DD..DD..DD..DD.
...................................

Could not place all desks 34 we placed 18
DD..DD..DD..DD..DD..DD
......................
......................
DD..DD..DD..DD..DD..DD
......................
......................
DD..DD..DD..DD..DD..DD
......................

Could not place all desks 41 we placed 18
DD..DD..DD..DD..DD..DD..
........................
........................
DD..DD..DD..DD..DD..DD..
........................
........................
DD..DD..DD..DD..DD..DD..
........................
........................

Could not place all desks 45 we placed 22
DD..DD.
.......
.......
DD..DD.
.......
.......
DD..DD.
.......
.......
DD..DD.
.......
.......
DD..DD.
.......
.......
DD..DD.
.......
.......
DD..DD.
.......
.......
DD..DD.
.......
.......
DD..DD.
.......
.......
DD..DD.
.......
.......
DD..DD.
.......
.......

Could not place all desks 39 we placed 13
DD...
.....
.....
DD...
.....
.....
DD...
.....
.....
DD...
.....
.....
DD...
.....
.....
DD...
.....
.....
DD...
.....
.....
DD...
.....
.....
DD...
.....
.....
DD...
.....
.....
DD...
.....
.....
DD...
.....
.....
DD...
.....

Could not place all desks 24 we placed 14
DD..DD..DD..DD..DD..DD..DD..
............................
............................
DD..DD..DD..DD..DD..DD..DD..

Could not place all desks 70 we placed 32
DD..DD..DD..DD..
................
................
DD..DD..DD..DD..
................
................
DD..DD..DD..DD..
................
................
DD..DD..DD..DD..
................
................
DD..DD..DD..DD..
................
................
DD..DD..DD..DD..
................
................
DD..DD..DD..DD..
................
................
DD..DD..DD..DD..
................
................

Could not place all desks 39 we placed 20
DD..DD..DD..DD..DD..DD..DD..DD..DD..DD
......................................
......................................
DD..DD..DD..DD..DD..DD..DD..DD..DD..DD
......................................

Could not place all desks 97 we placed 50
DD..DD..DD..DD..DD..DD..DD..DD..DD..DD
......................................
......................................
DD..DD..DD..DD..DD..DD..DD..DD..DD..DD
......................................
......................................
DD..DD..DD..DD..DD..DD..DD..DD..DD..DD
......................................
......................................
DD..DD..DD..DD..DD..DD..DD..DD..DD..DD
......................................
......................................
DD..DD..DD..DD..DD..DD..DD..DD..DD..DD
......................................

Could not place all desks 40 we placed 18
DD..DD..
........
........
DD..DD..
........
........
DD..DD..
........
........
DD..DD..
........
........
DD..DD..
........
........
DD..DD..
........
........
DD..DD..
........
........
DD..DD..
........
........
DD..DD..
........

Could not place all desks 55 we placed 22
DD..DD...
.........
.........
DD..DD...
.........
.........
DD..DD...
.........
.........
DD..DD...
.........
.........
DD..DD...
.........
.........
DD..DD...
.........
.........
DD..DD...
.........
.........
DD..DD...
.........
.........
DD..DD...
.........
.........
DD..DD...
.........
.........
DD..DD...
.........

Could not place all desks 62 we placed 30
DD..DD..DD..DD..DD...
.....................
.....................
DD..DD..DD..DD..DD...
.....................
.....................
DD..DD..DD..DD..DD...
.....................
.....................
DD..DD..DD..DD..DD...
.....................
.....................
DD..DD..DD..DD..DD...
.....................
.....................
DD..DD..DD..DD..DD...

Could not place all desks 234 we placed 120
DD..DD..DD..DD..DD..DD..DD..DD..DD..DD
......................................
......................................
DD..DD..DD..DD..DD..DD..DD..DD..DD..DD
......................................
......................................
DD..DD..DD..DD..DD..DD..DD..DD..DD..DD
......................................
......................................
DD..DD..DD..DD..DD..DD..DD..DD..DD..DD
......................................
......................................
DD..DD..DD..DD..DD..DD..DD..DD..DD..DD
......................................
......................................
DD..DD..DD..DD..DD..DD..DD..DD..DD..DD
......................................
......................................
DD..DD..DD..DD..DD..DD..DD..DD..DD..DD
......................................
......................................
DD..DD..DD..DD..DD..DD..DD..DD..DD..DD
......................................
......................................
DD..DD..DD..DD..DD..DD..DD..DD..DD..DD
......................................
......................................
DD..DD..DD..DD..DD..DD..DD..DD..DD..DD
......................................
......................................
DD..DD..DD..DD..DD..DD..DD..DD..DD..DD
......................................
......................................
DD..DD..DD..DD..DD..DD..DD..DD..DD..DD
......................................

Could not place all desks 138 we placed 72
DD..DD..DD..DD..DD..DD
......................
......................
DD..DD..DD..DD..DD..DD
......................
......................
DD..DD..DD..DD..DD..DD
......................
......................
DD..DD..DD..DD..DD..DD
......................
......................
DD..DD..DD..DD..DD..DD
......................
......................
DD..DD..DD..DD..DD..DD
......................
......................
DD..DD..DD..DD..DD..DD
......................
......................
DD..DD..DD..DD..DD..DD
......................
......................
DD..DD..DD..DD..DD..DD
......................
......................
DD..DD..DD..DD..DD..DD
......................
......................
DD..DD..DD..DD..DD..DD
......................
......................
DD..DD..DD..DD..DD..DD
......................

Could not place all desks 98 we placed 48
DD..DD..DD..DD..DD..DD..DD..DD
..............................
..............................
DD..DD..DD..DD..DD..DD..DD..DD
..............................
..............................
DD..DD..DD..DD..DD..DD..DD..DD
..............................
..............................
DD..DD..DD..DD..DD..DD..DD..DD
..............................
..............................
DD..DD..DD..DD..DD..DD..DD..DD
..............................
..............................
DD..DD..DD..DD..DD..DD..DD..DD
..............................
..............................

Could not place all desks 49 we placed 25
DD..DD..DD..DD..DD..
....................
....................
DD..DD..DD..DD..DD..
....................
....................
DD..DD..DD..DD..DD..
....................
....................
DD..DD..DD..DD..DD..
....................
....................
DD..DD..DD..DD..DD..

Could not place all desks 32 we placed 11
DD...
.....
.....
DD...
.....
.....
DD...
.....
.....
DD...
.....
.....
DD...
.....
.....
DD...
.....
.....
DD...
.....
.....
DD...
.....
.....
DD...
.....
.....
DD...
.....
.....
DD...

Could not place all desks 53 we placed 30
DD..DD..DD
..........
..........
DD..DD..DD
..........
..........
DD..DD..DD
..........
..........
DD..DD..DD
..........
..........
DD..DD..DD
..........
..........
DD..DD..DD
..........
..........
DD..DD..DD
..........
..........
DD..DD..DD
..........
..........
DD..DD..DD
..........
..........
DD..DD..DD

Could not place all desks 64 we placed 32
DD..DD..DD..DD.
...............
...............
DD..DD..DD..DD.
...............
...............
DD..DD..DD..DD.
...............
...............
DD..DD..DD..DD.
...............
...............
DD..DD..DD..DD.
...............
...............
DD..DD..DD..DD.
...............
...............
DD..DD..DD..DD.
...............
...............
DD..DD..DD..DD.
...............

Could not place all desks 11 we placed 6
DD..DD
......
......
DD..DD
......
......
DD..DD
......
......

Could not place all desks 51 we placed 22
DD..DD..
........
........
DD..DD..
........
........
DD..DD..
........
........
DD..DD..
........
........
DD..DD..
........
........
DD..DD..
........
........
DD..DD..
........
........
DD..DD..
........
........
DD..DD..
........
........
DD..DD..
........
........
DD..DD..
........
........

Could not place all desks 111 we placed 60
DD..DD..DD..DD..DD..DD
......................
......................
DD..DD..DD..DD..DD..DD
......................
......................
DD..DD..DD..DD..DD..DD
......................
......................
DD..DD..DD..DD..DD..DD
......................
......................
DD..DD..DD..DD..DD..DD
......................
......................
DD..DD..DD..DD..DD..DD
......................
......................
DD..DD..DD..DD..DD..DD
......................
......................
DD..DD..DD..DD..DD..DD
......................
......................
DD..DD..DD..DD..DD..DD
......................
......................
DD..DD..DD..DD..DD..DD

Could not place all desks 80 we placed 36
DD..DD..DD..
............
............
DD..DD..DD..
............
............
DD..DD..DD..
............
............
DD..DD..DD..
............
............
DD..DD..DD..
............
............
DD..DD..DD..
............
............
DD..DD..DD..
............
............
DD..DD..DD..
............
............
DD..DD..DD..
............
............
DD..DD..DD..
............
............
DD..DD..DD..
............
............
DD..DD..DD..
............
............

Could not place all desks 84 we placed 45
DD..DD..DD..DD..DD..DD..DD..DD..DD.
...................................
...................................
DD..DD..DD..DD..DD..DD..DD..DD..DD.
...................................
...................................
DD..DD..DD..DD..DD..DD..DD..DD..DD.
...................................
...................................
DD..DD..DD..DD..DD..DD..DD..DD..DD.
...................................
...................................
DD..DD..DD..DD..DD..DD..DD..DD..DD.

Could not place all desks 6 we placed 4
DD..DD.
.......
.......
DD..DD.

Could not place all desks 114 we placed 60
DD..DD..DD..DD..DD
..................
..................
DD..DD..DD..DD..DD
..................
..................
DD..DD..DD..DD..DD
..................
..................
DD..DD..DD..DD..DD
..................
..................
DD..DD..DD..DD..DD
..................
..................
DD..DD..DD..DD..DD
..................
..................
DD..DD..DD..DD..DD
..................
..................
DD..DD..DD..DD..DD
..................
..................
DD..DD..DD..DD..DD
..................
..................
DD..DD..DD..DD..DD
..................
..................
DD..DD..DD..DD..DD
..................
..................
DD..DD..DD..DD..DD
..................

Could not place all desks 24 we placed 14
DD..DD
......
......
DD..DD
......
......
DD..DD
......
......
DD..DD
......
......
DD..DD
......
......
DD..DD
......
......
DD..DD
......

Could not place all desks 67 we placed 30
DD..DD..DD..
............
............
DD..DD..DD..
............
............
DD..DD..DD..
............
............
DD..DD..DD..
............
............
DD..DD..DD..
............
............
DD..DD..DD..
............
............
DD..DD..DD..
............
............
DD..DD..DD..
............
............
DD..DD..DD..
............
............
DD..DD..DD..
............
............

Could not place all desks 27 we placed 16
DD..DD..DD..DD
..............
..............
DD..DD..DD..DD
..............
..............
DD..DD..DD..DD
..............
..............
DD..DD..DD..DD

Could not place all desks 198 we placed 99
DD..DD..DD..DD..DD..DD..DD..DD..DD
..................................
..................................
DD..DD..DD..DD..DD..DD..DD..DD..DD
..................................
..................................
DD..DD..DD..DD..DD..DD..DD..DD..DD
..................................
..................................
DD..DD..DD..DD..DD..DD..DD..DD..DD
..................................
..................................
DD..DD..DD..DD..DD..DD..DD..DD..DD
..................................
..................................
DD..DD..DD..DD..DD..DD..DD..DD..DD
..................................
..................................
DD..DD..DD..DD..DD..DD..DD..DD..DD
..................................
..................................
DD..DD..DD..DD..DD..DD..DD..DD..DD
..................................
..................................
DD..DD..DD..DD..DD..DD..DD..DD..DD
..................................
..................................
DD..DD..DD..DD..DD..DD..DD..DD..DD
..................................
..................................
DD..DD..DD..DD..DD..DD..DD..DD..DD
..................................
..................................

Could not place all desks 145 we placed 72
DD..DD..DD..DD..DD..DD..
........................
........................
DD..DD..DD..DD..DD..DD..
........................
........................
DD..DD..DD..DD..DD..DD..
........................
........................
DD..DD..DD..DD..DD..DD..
........................
........................
DD..DD..DD..DD..DD..DD..
........................
........................
DD..DD..DD..DD..DD..DD..
........................
........................
DD..DD..DD..DD..DD..DD..
........................
........................
DD..DD..DD..DD..DD..DD..
........................
........................
DD..DD..DD..DD..DD..DD..
........................
........................
DD..DD..DD..DD..DD..DD..
........................
........................
DD..DD..DD..DD..DD..DD..
........................
........................
DD..DD..DD..DD..DD..DD..

Could not place all desks 165 we placed 88
DD..DD..DD..DD..DD..DD..DD..DD
..............................
..............................
DD..DD..DD..DD..DD..DD..DD..DD
..............................
..............................
DD..DD..DD..DD..DD..DD..DD..DD
..............................
..............................
DD..DD..DD..DD..DD..DD..DD..DD
..............................
..............................
DD..DD..DD..DD..DD..DD..DD..DD
..............................
..............................
DD..DD..DD..DD..DD..DD..DD..DD
..............................
..............................
DD..DD..DD..DD..DD..DD..DD..DD
..............................
..............................
DD..DD..DD..DD..DD..DD..DD..DD
..............................
..............................
DD..DD..DD..DD..DD..DD..DD..DD
..............................
..............................
DD..DD..DD..DD..DD..DD..DD..DD
..............................
..............................
DD..DD..DD..DD..DD..DD..DD..DD

Could not place all desks 60 we placed 30
DD..DD..DD..DD..DD
..................
..................
DD..DD..DD..DD..DD
..................
..................
DD..DD..DD..DD..DD
..................
..................
DD..DD..DD..DD..DD
..................
..................
DD..DD..DD..DD..DD
..................
..................
DD..DD..DD..DD..DD
..................
..................

Could not place all desks 114 we placed 54
DD..DD..DD..DD..DD..DD..DD..DD..DD...
.....................................
.....................................
DD..DD..DD..DD..DD..DD..DD..DD..DD...
.....................................
.....................................
DD..DD..DD..DD..DD..DD..DD..DD..DD...
.....................................
.....................................
DD..DD..DD..DD..DD..DD..DD..DD..DD...
.....................................
.....................................
DD..DD..DD..DD..DD..DD..DD..DD..DD...
.....................................
.....................................
DD..DD..DD..DD..DD..DD..DD..DD..DD...
.....................................

Could not place all desks 90 we placed 45
DD..DD..DD..DD..DD.
...................
...................
DD..DD..DD..DD..DD.
...................
...................
DD..DD..DD..DD..DD.
...................
...................
DD..DD..DD..DD..DD.
...................
...................
DD..DD..DD..DD..DD.
...................
...................
DD..DD..DD..DD..DD.
...................
...................
DD..DD..DD..DD..DD.
...................
...................
DD..DD..DD..DD..DD.
...................
...................
DD..DD..DD..DD..DD.
...................

Could not place all desks 32 we placed 20
DD..DD..DD..DD..DD..DD..DD..DD..DD..DD
......................................
......................................
DD..DD..DD..DD..DD..DD..DD..DD..DD..DD

Could not place all desks 77 we placed 33
DD..DD..DD...
.............
.............
DD..DD..DD...
.............
.............
DD..DD..DD...
.............
.............
DD..DD..DD...
.............
.............
DD..DD..DD...
.............
.............
DD..DD..DD...
.............
.............
DD..DD..DD...
.............
.............
DD..DD..DD...
.............
.............
DD..DD..DD...
.............
.............
DD..DD..DD...
.............
.............
DD..DD..DD...
.............

Could not place all desks 34 we placed 18
DD..DD..DD..DD..DD..DD...
.........................
.........................
DD..DD..DD..DD..DD..DD...
.........................
.........................
DD..DD..DD..DD..DD..DD...

Could not place all desks 99 we placed 44
DD..DD..DD..DD...
.................
.................
DD..DD..DD..DD...
.................
.................
DD..DD..DD..DD...
.................
.................
DD..DD..DD..DD...
.................
.................
DD..DD..DD..DD...
.................
.................
DD..DD..DD..DD...
.................
.................
DD..DD..DD..DD...
.................
.................
DD..DD..DD..DD...
.................
.................
DD..DD..DD..DD...
.................
.................
DD..DD..DD..DD...
.................
.................
DD..DD..DD..DD...
.................

Could not place all desks 19 we placed 12
DD..DD..DD..DD..DD..DD
......................
......................
DD..DD..DD..DD..DD..DD

Could not place all desks 113 we placed 56
DD..DD..DD..DD..DD..DD..DD..DD...
.................................
.................................
DD..DD..DD..DD..DD..DD..DD..DD...
.................................
.................................
DD..DD..DD..DD..DD..DD..DD..DD...
.................................
.................................
DD..DD..DD..DD..DD..DD..DD..DD...
.................................
.................................
DD..DD..DD..DD..DD..DD..DD..DD...
.................................
.................................
DD..DD..DD..DD..DD..DD..DD..DD...
.................................
.................................
DD..DD..DD..DD..DD..DD..DD..DD...

Could not place all desks 204 we placed 96
DD..DD..DD..DD..DD..DD..DD..DD...
.................................
.................................
DD..DD..DD..DD..DD..DD..DD..DD...
.................................
.................................
DD..DD..DD..DD..DD..DD..DD..DD...
.................................
.................................
DD..DD..DD..DD..DD..DD..DD..DD...
.................................
.................................
DD..DD..DD..DD..DD..DD..DD..DD...
.................................
.................................
DD..DD..DD..DD..DD..DD..DD..DD...
.................................
.................................
DD..DD..DD..DD..DD..DD..DD..DD...
.................................
.................................
DD..DD..DD..DD..DD..DD..DD..DD...
.................................
.................................
DD..DD..DD..DD..DD..DD..DD..DD...
.................................
.................................
DD..DD..DD..DD..DD..DD..DD..DD...
.................................
.................................
DD..DD..DD..DD..DD..DD..DD..DD...
.................................
.................................
DD..DD..DD..DD..DD..DD..DD..DD...
.................................

Could not place all desks 116 we placed 63
DD..DD..DD..DD..DD..DD..DD..DD..DD
..................................
..................................
DD..DD..DD..DD..DD..DD..DD..DD..DD
..................................
..................................
DD..DD..DD..DD..DD..DD..DD..DD..DD
..................................
..................................
DD..DD..DD..DD..DD..DD..DD..DD..DD
..................................
..................................
DD..DD..DD..DD..DD..DD..DD..DD..DD
..................................
..................................
DD..DD..DD..DD..DD..DD..DD..DD..DD
..................................
..................................
DD..DD..DD..DD..DD..DD..DD..DD..DD

Could not place all desks 165 we placed 77
DD..DD..DD..DD..DD..DD..DD...
.............................
.............................
DD..DD..DD..DD..DD..DD..DD...
.............................
.............................
DD..DD..DD..DD..DD..DD..DD...
.............................
.............................
DD..DD..DD..DD..DD..DD..DD...
.............................
.............................
DD..DD..DD..DD..DD..DD..DD...
.............................
.............................
DD..DD..DD..DD..DD..DD..DD...
.............................
.............................
DD..DD..DD..DD..DD..DD..DD...
.............................
.............................
DD..DD..DD..DD..DD..DD..DD...
.............................
.............................
DD..DD..DD..DD..DD..DD..DD...
.............................
.............................
DD..DD..DD..DD..DD..DD..DD...
.............................
.............................
DD..DD..DD..DD..DD..DD..DD...
.............................

Could not place all desks 15 we placed 10
DD..DD..DD..DD..DD
..................
..................
DD..DD..DD..DD..DD

Could not place all desks 135 we placed 63
DD..DD..DD..DD..DD..DD..DD..
............................
............................
DD..DD..DD..DD..DD..DD..DD..
............................
............................
DD..DD..DD..DD..DD..DD..DD..
............................
............................
DD..DD..DD..DD..DD..DD..DD..
............................
............................
DD..DD..DD..DD..DD..DD..DD..
............................
............................
DD..DD..DD..DD..DD..DD..DD..
............................
............................
DD..DD..DD..DD..DD..DD..DD..
............................
............................
DD..DD..DD..DD..DD..DD..DD..
............................
............................
DD..DD..DD..DD..DD..DD..DD..
............................
............................

Could not place all desks 9 we placed 4
DD..
....
....
DD..
....
....
DD..
....
....
DD..

Could not place all desks 247 we placed 117
DD..DD..DD..DD..DD..DD..DD..DD..DD...
.....................................
.....................................
DD..DD..DD..DD..DD..DD..DD..DD..DD...
.....................................
.....................................
DD..DD..DD..DD..DD..DD..DD..DD..DD...
.....................................
.....................................
DD..DD..DD..DD..DD..DD..DD..DD..DD...
.....................................
.....................................
DD..DD..DD..DD..DD..DD..DD..DD..DD...
.....................................
.....................................
DD..DD..DD..DD..DD..DD..DD..DD..DD...
.....................................
.....................................
DD..DD..DD..DD..DD..DD..DD..DD..DD...
.....................................
.....................................
DD..DD..DD..DD..DD..DD..DD..DD..DD...
.....................................
.....................................
DD..DD..DD..DD..DD..DD..DD..DD..DD...
.....................................
.....................................
DD..DD..DD..DD..DD..DD..DD..DD..DD...
.....................................
.....................................
DD..DD..DD..DD..DD..DD..DD..DD..DD...
.....................................
.....................................
DD..DD..DD..DD..DD..DD..DD..DD..DD...
.....................................
.....................................
DD..DD..DD..DD..DD..DD..DD..DD..DD...
.....................................

Could not place all desks 7 we placed 2
DD...
.....
.....
DD...
.....
.....

Could not place all desks 60 we placed 32
DD..DD..DD..DD..DD..DD..DD..DD..
................................
................................
DD..DD..DD..DD..DD..DD..DD..DD..
................................
................................
DD..DD..DD..DD..DD..DD..DD..DD..
................................
................................
DD..DD..DD..DD..DD..DD..DD..DD..

Could not place all desks 7 we placed 3
DD..
....
....
DD..
....
....
DD..
....

Could not place all desks 149 we placed 72
DD..DD..DD..DD..DD..DD..DD..DD.
...............................
...............................
DD..DD..DD..DD..DD..DD..DD..DD.
...............................
...............................
DD..DD..DD..DD..DD..DD..DD..DD.
...............................
...............................
DD..DD..DD..DD..DD..DD..DD..DD.
...............................
...............................
DD..DD..DD..DD..DD..DD..DD..DD.
...............................
...............................
DD..DD..DD..DD..DD..DD..DD..DD.
...............................
...............................
DD..DD..DD..DD..DD..DD..DD..DD.
...............................
...............................
DD..DD..DD..DD..DD..DD..DD..DD.
...............................
...............................
DD..DD..DD..DD..DD..DD..DD..DD.
...............................
...............................

Could not place all desks 88 we placed 45
DD..DD..DD..DD..DD..DD..DD..DD..DD...
.....................................
.....................................
DD..DD..DD..DD..DD..DD..DD..DD..DD...
.....................................
.....................................
DD..DD..DD..DD..DD..DD..DD..DD..DD...
.....................................
.....................................
DD..DD..DD..DD..DD..DD..DD..DD..DD...
.....................................
.....................................
DD..DD..DD..DD..DD..DD..DD..DD..DD...

Could not place all desks 23 we placed 12
DD..DD..DD..DD..DD..DD
......................
......................
DD..DD..DD..DD..DD..DD
......................

Could not place all desks 22 we placed 9
DD..
....
....
DD..
....
....
DD..
....
....
DD..
....
....
DD..
....
....
DD..
....
....
DD..
....
....
DD..
....
....
DD..
....

Could not place all desks 175 we placed 88
DD..DD..DD..DD..DD..DD..DD..DD
..............................
..............................
DD..DD..DD..DD..DD..DD..DD..DD
..............................
..............................
DD..DD..DD..DD..DD..DD..DD..DD
..............................
..............................
DD..DD..DD..DD..DD..DD..DD..DD
..............................
..............................
DD..DD..DD..DD..DD..DD..DD..DD
..............................
..............................
DD..DD..DD..DD..DD..DD..DD..DD
..............................
..............................
DD..DD..DD..DD..DD..DD..DD..DD
..............................
..............................
DD..DD..DD..DD..DD..DD..DD..DD
..............................
..............................
DD..DD..DD..DD..DD..DD..DD..DD
..............................
..............................
DD..DD..DD..DD..DD..DD..DD..DD
..............................
..............................
DD..DD..DD..DD..DD..DD..DD..DD
..............................
..............................

Could not place all desks 58 we placed 24
DD..DD..DD...
.............
.............
DD..DD..DD...
.............
.............
DD..DD..DD...
.............
.............
DD..DD..DD...
.............
.............
DD..DD..DD...
.............
.............
DD..DD..DD...
.............
.............
DD..DD..DD...
.............
.............
DD..DD..DD...
.............
.............

Could not place all desks 117 we placed 54
DD..DD..DD..DD..DD..DD...
.........................
.........................
DD..DD..DD..DD..DD..DD...
.........................
.........................
DD..DD..DD..DD..DD..DD...
.........................
.........................
DD..DD..DD..DD..DD..DD...
.........................
.........................
DD..DD..DD..DD..DD..DD...
.........................
.........................
DD..DD..DD..DD..DD..DD...
.........................
.........................
DD..DD..DD..DD..DD..DD...
.........................
.........................
DD..DD..DD..DD..DD..DD...
.........................
.........................
DD..DD..DD..DD..DD..DD...
.........................

Could not place all desks 30 we placed 15
DD..DD..DD..DD..DD.
...................
...................
DD..DD..DD..DD..DD.
...................
...................
DD..DD..DD..DD..DD.
...................

Could not place all desks 39 we placed 18
DD..DD..DD..DD..DD..DD...
.........................
.........................
DD..DD..DD..DD..DD..DD...
.........................
.........................
DD..DD..DD..DD..DD..DD...
.........................

Could not place all desks 115 we placed 56
DD..DD..DD..DD..DD..DD..DD..DD..
................................
................................
DD..DD..DD..DD..DD..DD..DD..DD..
................................
................................
DD..DD..DD..DD..DD..DD..DD..DD..
................................
................................
DD..DD..DD..DD..DD..DD..DD..DD..
................................
................................
DD..DD..DD..DD..DD..DD..DD..DD..
................................
................................
DD..DD..DD..DD..DD..DD..DD..DD..
................................
................................
DD..DD..DD..DD..DD..DD..DD..DD..
................................

Could not place all desks 128 we placed 60
DD..DD..DD..DD..DD...
.....................
.....................
DD..DD..DD..DD..DD...
.....................
.....................
DD..DD..DD..DD..DD...
.....................
.....................
DD..DD..DD..DD..DD...
.....................
.....................
DD..DD..DD..DD..DD...
.....................
.....................
DD..DD..DD..DD..DD...
.....................
.....................
DD..DD..DD..DD..DD...
.....................
.....................
DD..DD..DD..DD..DD...
.....................
.....................
DD..DD..DD..DD..DD...
.....................
.....................
DD..DD..DD..DD..DD...
.....................
.....................
DD..DD..DD..DD..DD...
.....................
.....................
DD..DD..DD..DD..DD...

Could not place all desks 174 we placed 84
DD..DD..DD..DD..DD..DD..DD..
............................
............................
DD..DD..DD..DD..DD..DD..DD..
............................
............................
DD..DD..DD..DD..DD..DD..DD..
............................
............................
DD..DD..DD..DD..DD..DD..DD..
............................
............................
DD..DD..DD..DD..DD..DD..DD..
............................
............................
DD..DD..DD..DD..DD..DD..DD..
............................
............................
DD..DD..DD..DD..DD..DD..DD..
............................
............................
DD..DD..DD..DD..DD..DD..DD..
............................
............................
DD..DD..DD..DD..DD..DD..DD..
............................
............................
DD..DD..DD..DD..DD..DD..DD..
............................
............................
DD..DD..DD..DD..DD..DD..DD..
............................
............................
DD..DD..DD..DD..DD..DD..DD..
............................

Could not place all desks 88 we placed 39
DD..DD..DD...
.............
.............
DD..DD..DD...
.............
.............
DD..DD..DD...
.............
.............
DD..DD..DD...
.............
.............
DD..DD..DD...
.............
.............
DD..DD..DD...
.............
.............
DD..DD..DD...
.............
.............
DD..DD..DD...
.............
.............
DD..DD..DD...
.............
.............
DD..DD..DD...
.............
.............
DD..DD..DD...
.............
.............
DD..DD..DD...
.............
.............
DD..DD..DD...

Could not place all desks 12 we placed 6
DD..DD..
........
........
DD..DD..
........
........
DD..DD..

Could not place all desks 73 we placed 35
DD..DD..DD..DD..DD..
....................
....................
DD..DD..DD..DD..DD..
....................
....................
DD..DD..DD..DD..DD..
....................
....................
DD..DD..DD..DD..DD..
....................
....................
DD..DD..DD..DD..DD..
....................
....................
DD..DD..DD..DD..DD..
....................
....................
DD..DD..DD..DD..DD..
....................

Could not place all desks 23 we placed 14
DD..DD
......
......
DD..DD
......
......
DD..DD
......
......
DD..DD
......
......
DD..DD
......
......
DD..DD
......
......
DD..DD

Could not place all desks 20 we placed 12
DD..DD..DD
..........
..........
DD..DD..DD
..........
..........
DD..DD..DD
..........
..........
DD..DD..DD

Could not place all desks 48 we placed 24
DD..DD..DD.
...........
...........
DD..DD..DD.
...........
...........
DD..DD..DD.
...........
...........
DD..DD..DD.
...........
...........
DD..DD..DD.
...........
...........
DD..DD..DD.
...........
...........
DD..DD..DD.
...........
...........
DD..DD..DD.
...........

Could not place all desks 56 we placed 30
DD..DD..DD
..........
..........
DD..DD..DD
..........
..........
DD..DD..DD
..........
..........
DD..DD..DD
..........
..........
DD..DD..DD
..........
..........
DD..DD..DD
..........
..........
DD..DD..DD
..........
..........
DD..DD..DD
..........
..........
DD..DD..DD
..........
..........
DD..DD..DD
..........
..........

Could not place all desks 61 we placed 32
DD..DD..DD..DD.
...............
...............
DD..DD..DD..DD.
...............
...............
DD..DD..DD..DD.
...............
...............
DD..DD..DD..DD.
...............
...............
DD..DD..DD..DD.
...............
...............
DD..DD..DD..DD.
...............
...............
DD..DD..DD..DD.
...............
...............
DD..DD..DD..DD.

Could not place all desks 117 we placed 54
DD..DD..DD..DD..DD..DD..DD..DD..DD..
....................................
....................................
DD..DD..DD..DD..DD..DD..DD..DD..DD..
....................................
....................................
DD..DD..DD..DD..DD..DD..DD..DD..DD..
....................................
....................................
DD..DD..DD..DD..DD..DD..DD..DD..DD..
....................................
....................................
DD..DD..DD..DD..DD..DD..DD..DD..DD..
....................................
....................................
DD..DD..DD..DD..DD..DD..DD..DD..DD..
....................................
....................................

Could not place all desks 162 we placed 84
DD..DD..DD..DD..DD..DD..DD
..........................
..........................
DD..DD..DD..DD..DD..DD..DD
..........................
..........................
DD..DD..DD..DD..DD..DD..DD
..........................
..........................
DD..DD..DD..DD..DD..DD..DD
..........................
..........................
DD..DD..DD..DD..DD..DD..DD
..........................
..........................
DD..DD..DD..DD..DD..DD..DD
..........................
..........................
DD..DD..DD..DD..DD..DD..DD
..........................
..........................
DD..DD..DD..DD..DD..DD..DD
..........................
..........................
DD..DD..DD..DD..DD..DD..DD
..........................
..........................
DD..DD..DD..DD..DD..DD..DD
..........................
..........................
DD..DD..DD..DD..DD..DD..DD
..........................
..........................
DD..DD..DD..DD..DD..DD..DD
..........................

Could not place all desks 99 we placed 54
DD..DD..DD..DD..DD..DD..DD..DD..DD
..................................
..................................
DD..DD..DD..DD..DD..DD..DD..DD..DD
..................................
..................................
DD..DD..DD..DD..DD..DD..DD..DD..DD
..................................
..................................
DD..DD..DD..DD..DD..DD..DD..DD..DD
..................................
..................................
DD..DD..DD..DD..DD..DD..DD..DD..DD
..................................
..................................
DD..DD..DD..DD..DD..DD..DD..DD..DD

Could not place all desks 17 we placed 8
DD..DD..DD..DD
..............
..............
DD..DD..DD..DD
..............
..............

Could not place all desks 110 we placed 49
DD..DD..DD..DD..DD..DD..DD...
.............................
.............................
DD..DD..DD..DD..DD..DD..DD...
.............................
.............................
DD..DD..DD..DD..DD..DD..DD...
.............................
.............................
DD..DD..DD..DD..DD..DD..DD...
.............................
.............................
DD..DD..DD..DD..DD..DD..DD...
.............................
.............................
DD..DD..DD..DD..DD..DD..DD...
.............................
.............................
DD..DD..DD..DD..DD..DD..DD...
.............................
.............................

Could not place all desks 126 we placed 63
DD..DD..DD..DD..DD..DD..DD..DD..DD...
.....................................
.....................................
DD..DD..DD..DD..DD..DD..DD..DD..DD...
.....................................
.....................................
DD..DD..DD..DD..DD..DD..DD..DD..DD...
.....................................
.....................................
DD..DD..DD..DD..DD..DD..DD..DD..DD...
.....................................
.....................................
DD..DD..DD..DD..DD..DD..DD..DD..DD...
.....................................
.....................................
DD..DD..DD..DD..DD..DD..DD..DD..DD...
.....................................
.....................................
DD..DD..DD..DD..DD..DD..DD..DD..DD...

Could not place all desks 70 we placed 36
DD..DD..DD..DD
..............
..............
DD..DD..DD..DD
..............
..............
DD..DD..DD..DD
..............
..............
DD..DD..DD..DD
..............
..............
DD..DD..DD..DD
..............
..............
DD..DD..DD..DD
..............
..............
DD..DD..DD..DD
..............
..............
DD..DD..DD..DD
..............
..............
DD..DD..DD..DD
..............
..............

Could not place all desks 35 we placed 20
DD..DD
......
......
DD..DD
......
......
DD..DD
......
......
DD..DD
......
......
DD..DD
......
......
DD..DD
......
......
DD..DD
......
......
DD..DD
......
......
DD..DD
......
......
DD..DD
......

Could not place all desks 24 we placed 12
DD..DD..DD..DD..DD..DD.
.......................
.......................
DD..DD..DD..DD..DD..DD.
.......................

Could not place all desks 66 we placed 30
DD..DD..DD..DD..DD..DD..
........................
........................
DD..DD..DD..DD..DD..DD..
........................
........................
DD..DD..DD..DD..DD..DD..
........................
........................
DD..DD..DD..DD..DD..DD..
........................
........................
DD..DD..DD..DD..DD..DD..
........................
........................

Could not place all desks 21 we placed 9
DD..DD..DD..
............
............
DD..DD..DD..
............
............
DD..DD..DD..
............
............

Could not place all desks 6 we placed 4
DD..DD.
.......
.......
DD..DD.

Could not place all desks 49 we placed 21
DD..DD..DD...
.............
.............
DD..DD..DD...
.............
.............
DD..DD..DD...
.............
.............
DD..DD..DD...
.............
.............
DD..DD..DD...
.............
.............
DD..DD..DD...
.............
.............
DD..DD..DD...
.............

Could not place all desks 91 we placed 50
DD..DD..DD..DD..DD
..................
..................
DD..DD..DD..DD..DD
..................
..................
DD..DD..DD..DD..DD
..................
..................
DD..DD..DD..DD..DD
..................
..................
DD..DD..DD..DD..DD
..................
..................
DD..DD..DD..DD..DD
..................
..................
DD..DD..DD..DD..DD
..................
..................
DD..DD..DD..DD..DD
..................
..................
DD..DD..DD..DD..DD
..................
..................
DD..DD..DD..DD..DD

Could not place all desks 31 we placed 14
DD..DD..DD..DD..DD..DD..DD
..........................
..........................
DD..DD..DD..DD..DD..DD..DD
..........................
..........................

Could not place all desks 65 we placed 28
DD..DD..DD..DD..DD..DD..DD...
.............................
.............................
DD..DD..DD..DD..DD..DD..DD...
.............................
.............................
DD..DD..DD..DD..DD..DD..DD...
.............................
.............................
DD..DD..DD..DD..DD..DD..DD...
.............................
.............................

Could not place all desks 37 we placed 20
DD..DD..DD..DD
..............
..............
DD..DD..DD..DD
..............
..............
DD..DD..DD..DD
..............
..............
DD..DD..DD..DD
..............
..............
DD..DD..DD..DD
..............

Could not place all desks 227 we placed 120
DD..DD..DD..DD..DD..DD..DD..DD..DD..DD
......................................
......................................
DD..DD..DD..DD..DD..DD..DD..DD..DD..DD
......................................
......................................
DD..DD..DD..DD..DD..DD..DD..DD..DD..DD
......................................
......................................
DD..DD..DD..DD..DD..DD..DD..DD..DD..DD
......................................
......................................
DD..DD..DD..DD..DD..DD..DD..DD..DD..DD
......................................
......................................
DD..DD..DD..DD..DD..DD..DD..DD..DD..DD
......................................
......................................
DD..DD..DD..DD..DD..DD..DD..DD..DD..DD
......................................
......................................
DD..DD..DD..DD..DD..DD..DD..DD..DD..DD
......................................
......................................
DD..DD..DD..DD..DD..DD..DD..DD..DD..DD
......................................
......................................
DD..DD..DD..DD..DD..DD..DD..DD..DD..DD
......................................
......................................
DD..DD..DD..DD..DD..DD..DD..DD..DD..DD
......................................
......................................
DD..DD..DD..DD..DD..DD..DD..DD..DD..DD

Could not place all desks 158 we placed 72
DD..DD..DD..DD..DD..DD..DD..DD...
.................................
.................................
DD..DD..DD..DD..DD..DD..DD..DD...
.................................
.................................
DD..DD..DD..DD..DD..DD..DD..DD...
.................................
.................................
DD..DD..DD..DD..DD..DD..DD..DD...
.................................
.................................
DD..DD..DD..DD..DD..DD..DD..DD...
.................................
.................................
DD..DD..DD..DD..DD..DD..DD..DD...
.................................
.................................
DD..DD..DD..DD..DD..DD..DD..DD...
.................................
.................................
DD..DD..DD..DD..DD..DD..DD..DD...
.................................
.................................
DD..DD..DD..DD..DD..DD..DD..DD...
.................................
.................................

Could not place all desks 13 we placed 4
DD...
.....
.....
DD...
.....
.....
DD...
.....
.....
DD...
.....
.....

