Could not place all desks 34 we placed 18
DD..DD..DD.
...........
...........
DD..DD..DD.
...........
...........
DD..DD..DD.
...........
...........
DD..DD..DD.
...........
...........
DD..DD..DD.
...........
...........
DD..DD..DD.

Could not place all desks 48 we placed 20
DD..DD..DD..DD...
.................
.................
DD..DD..DD..DD...
.................
.................
DD..DD..DD..DD...
.................
.................
DD..DD..DD..DD...
.................
.................
DD..DD..DD..DD...
.................
.................

Could not place all desks 51 we placed 24
DD..DD..DD..DD...
.................
.................
DD..DD..DD..DD...
.................
.................
DD..DD..DD..DD...
.................
.................
DD..DD..DD..DD...
.................
.................
DD..DD..DD..DD...
.................
.................
DD..DD..DD..DD...

Could not place all desks 19 we placed 12
DD..DD
......
......
DD..DD
......
......
DD..DD
......
......
DD..DD
......
......
DD..DD
......
......
DD..DD

Could not place all desks 10 we placed 6
DD..DD.
.......
.......
DD..DD.
.......
.......
DD..DD.

Could not place all desks 9 we placed 4
DD..DD.
.......
.......
DD..DD.
.......
.......

Could not place all desks 22 we placed 12
DD..DD..DD..DD
..............
..............
DD..DD..DD..DD
..............
..............
DD..DD..DD..DD
..............

Could not place all desks 25 we placed 12
DD..DD..
........
........
DD..DD..
........
........
DD..DD..
........
........
DD..DD..
........
........
DD..DD..
........
........
DD..DD..

Could not place all desks 41 we placed 18
DD..DD..DD..
............
............
DD..DD..DD..
............
............
DD..DD..DD..
............
............
DD..DD..DD..
............
............
DD..DD..DD..
............
............
DD..DD..DD..
............
............

Could not place all desks 20 we placed 9
DD..DD..DD.
...........
...........
DD..DD..DD.
...........
...........
DD..DD..DD.
...........
...........

